<?xml version="1.0" encoding="UTF-8"?>
<coverage generated="1708514249867" clover="3.2.0">
  <project timestamp="1708514249867" name="All files">
    <metrics statements="36" coveredstatements="26" conditionals="22" coveredconditionals="18" methods="8" coveredmethods="1" elements="66" coveredelements="45" complexity="0" loc="36" ncloc="36" packages="1" files="2" classes="2"/>
    <file name="ButtonComponent.vue" path="/Users/marie.collinge/dev_folder/part-b-mvp-of-a-full-stack-solution-60-mariecollingeada/littlepartypro/src/lpp-frontend/src/components/ButtonComponent.vue">
      <metrics statements="13" coveredstatements="8" conditionals="0" coveredconditionals="0" methods="2" coveredmethods="0"/>
      <line num="4" count="1" type="stmt"/>
      <line num="7" count="1" type="stmt"/>
      <line num="8" count="1" type="stmt"/>
      <line num="16" count="0" type="stmt"/>
      <line num="17" count="0" type="stmt"/>
      <line num="18" count="0" type="stmt"/>
      <line num="22" count="0" type="stmt"/>
      <line num="27" count="1" type="stmt"/>
      <line num="30" count="1" type="stmt"/>
      <line num="31" count="1" type="stmt"/>
      <line num="32" count="1" type="stmt"/>
      <line num="38" count="0" type="stmt"/>
      <line num="39" count="1" type="stmt"/>
    </file>
    <file name="LoginComponent.vue" path="/Users/marie.collinge/dev_folder/part-b-mvp-of-a-full-stack-solution-60-mariecollingeada/littlepartypro/src/lpp-frontend/src/components/LoginComponent.vue">
      <metrics statements="23" coveredstatements="18" conditionals="22" coveredconditionals="18" methods="6" coveredmethods="1"/>
      <line num="4" count="1" type="stmt"/>
      <line num="5" count="1" type="stmt"/>
      <line num="8" count="1" type="stmt"/>
      <line num="120" count="1" type="stmt"/>
      <line num="123" count="1" type="stmt"/>
      <line num="124" count="1" type="stmt"/>
      <line num="125" count="1" type="stmt"/>
      <line num="129" count="1" type="stmt"/>
      <line num="132" count="1" type="stmt"/>
      <line num="137" count="1" type="stmt"/>
      <line num="140" count="1" type="stmt"/>
      <line num="143" count="1" type="stmt"/>
      <line num="144" count="1" type="stmt"/>
      <line num="147" count="1" type="stmt"/>
      <line num="150" count="1" type="stmt"/>
      <line num="153" count="1" type="stmt"/>
      <line num="158" count="2" type="stmt"/>
      <line num="161" count="0" type="cond" truecount="2" falsecount="0"/>
      <line num="166" count="0" type="cond" truecount="2" falsecount="0"/>
      <line num="171" count="0" type="cond" truecount="2" falsecount="0"/>
      <line num="175" count="0" type="cond" truecount="2" falsecount="0"/>
      <line num="180" count="0" type="cond" truecount="2" falsecount="0"/>
      <line num="183" count="1" type="stmt"/>
    </file>
  </project>
</coverage>
