{"/Users/marie.collinge/dev_folder/part-b-mvp-of-a-full-stack-solution-60-mariecollingeada/littlepartypro/src/lpp-frontend/src/assets/Icons/CATERER.svg": {"path":"/Users/marie.collinge/dev_folder/part-b-mvp-of-a-full-stack-solution-60-mariecollingeada/littlepartypro/src/lpp-frontend/src/assets/Icons/CATERER.svg","statementMap":{"0":{"start":{"line":1,"column":0},"end":{"line":1,"column":19}}},"fnMap":{},"branchMap":{},"s":{"0":1},"f":{},"b":{},"_coverageSchema":"1a1c01bbd47fc00a2c39e90264f33305004495a9","hash":"b8ad513b48d8aee6b18629fb77bdacc122d64192"}
,"/Users/marie.collinge/dev_folder/part-b-mvp-of-a-full-stack-solution-60-mariecollingeada/littlepartypro/src/lpp-frontend/src/assets/Icons/DECORATOR.svg": {"path":"/Users/marie.collinge/dev_folder/part-b-mvp-of-a-full-stack-solution-60-mariecollingeada/littlepartypro/src/lpp-frontend/src/assets/Icons/DECORATOR.svg","statementMap":{"0":{"start":{"line":1,"column":0},"end":{"line":1,"column":19}}},"fnMap":{},"branchMap":{},"s":{"0":1},"f":{},"b":{},"_coverageSchema":"1a1c01bbd47fc00a2c39e90264f33305004495a9","hash":"24824dce23a3eb2d79b7f04a0ba221a85d9bf128"}
,"/Users/marie.collinge/dev_folder/part-b-mvp-of-a-full-stack-solution-60-mariecollingeada/littlepartypro/src/lpp-frontend/src/assets/Icons/MISC.svg": {"path":"/Users/marie.collinge/dev_folder/part-b-mvp-of-a-full-stack-solution-60-mariecollingeada/littlepartypro/src/lpp-frontend/src/assets/Icons/MISC.svg","statementMap":{"0":{"start":{"line":1,"column":0},"end":{"line":1,"column":19}}},"fnMap":{},"branchMap":{},"s":{"0":1},"f":{},"b":{},"_coverageSchema":"1a1c01bbd47fc00a2c39e90264f33305004495a9","hash":"0a807ff4e3b02adc6a4ff24a523d64a876708969"}
,"/Users/marie.collinge/dev_folder/part-b-mvp-of-a-full-stack-solution-60-mariecollingeada/littlepartypro/src/lpp-frontend/src/assets/Icons/VENUE.svg": {"path":"/Users/marie.collinge/dev_folder/part-b-mvp-of-a-full-stack-solution-60-mariecollingeada/littlepartypro/src/lpp-frontend/src/assets/Icons/VENUE.svg","statementMap":{"0":{"start":{"line":1,"column":0},"end":{"line":1,"column":19}}},"fnMap":{},"branchMap":{},"s":{"0":1},"f":{},"b":{},"_coverageSchema":"1a1c01bbd47fc00a2c39e90264f33305004495a9","hash":"0bf0d8312e67ac2025516ae5932ec08ddf4275d8"}
,"/Users/marie.collinge/dev_folder/part-b-mvp-of-a-full-stack-solution-60-mariecollingeada/littlepartypro/src/lpp-frontend/src/components/CategoryComponent.vue": {"path":"/Users/marie.collinge/dev_folder/part-b-mvp-of-a-full-stack-solution-60-mariecollingeada/littlepartypro/src/lpp-frontend/src/components/CategoryComponent.vue","statementMap":{"0":{"start":{"line":4,"column":0},"end":{"line":6,"column":3}},"1":{"start":{"line":7,"column":0},"end":{"line":7,"column":25}},"2":{"start":{"line":8,"column":15},"end":{"line":34,"column":1}},"3":{"start":{"line":17,"column":4},"end":{"line":17,"column":15}},"4":{"start":{"line":20,"column":23},"end":{"line":20,"column":64}},"5":{"start":{"line":22,"column":6},"end":{"line":22,"column":56}},"6":{"start":{"line":24,"column":25},"end":{"line":27,"column":5}},"7":{"start":{"line":28,"column":4},"end":{"line":31,"column":7}},"8":{"start":{"line":32,"column":4},"end":{"line":32,"column":24}},"9":{"start":{"line":37,"column":0},"end":{"line":39,"column":3}},"10":{"start":{"line":40,"column":0},"end":{"line":40,"column":24}},"11":{"start":{"line":41,"column":11},"end":{"line":41,"column":25}},"12":{"start":{"line":42,"column":19},"end":{"line":45,"column":1}},"13":{"start":{"line":46,"column":19},"end":{"line":48,"column":1}},"14":{"start":{"line":49,"column":19},"end":{"line":49,"column":37}},"15":{"start":{"line":50,"column":19},"end":{"line":53,"column":1}},"16":{"start":{"line":55,"column":2},"end":{"line":66,"column":35}},"17":{"start":{"line":56,"column":4},"end":{"line":65,"column":142}},"18":{"start":{"line":61,"column":25},"end":{"line":61,"column":64}},"19":{"start":{"line":67,"column":2},"end":{"line":67,"column":49}}},"fnMap":{"0":{"name":"(anonymous_0)","decl":{"start":{"line":14,"column":2},"end":{"line":14,"column":3}},"loc":{"start":{"line":16,"column":5},"end":{"line":33,"column":3}},"line":16},"1":{"name":"getImageUrl","decl":{"start":{"line":21,"column":13},"end":{"line":21,"column":24}},"loc":{"start":{"line":21,"column":35},"end":{"line":23,"column":5}},"line":21},"2":{"name":"render","decl":{"start":{"line":54,"column":9},"end":{"line":54,"column":15}},"loc":{"start":{"line":54,"column":63},"end":{"line":67,"column":1}},"line":54},"3":{"name":"(anonymous_3)","decl":{"start":{"line":55,"column":195},"end":{"line":55,"column":196}},"loc":{"start":{"line":55,"column":207},"end":{"line":66,"column":3}},"line":55},"4":{"name":"(anonymous_4)","decl":{"start":{"line":61,"column":15},"end":{"line":61,"column":16}},"loc":{"start":{"line":61,"column":25},"end":{"line":61,"column":64}},"line":61}},"branchMap":{},"s":{"0":1,"1":1,"2":1,"3":1,"4":1,"5":4,"6":1,"7":1,"8":1,"9":1,"10":1,"11":1,"12":1,"13":1,"14":1,"15":1,"16":1,"17":4,"18":1,"19":1},"f":{"0":1,"1":4,"2":1,"3":4,"4":1},"b":{},"inputSourceMap":{"0":"{","1":"\"","2":"v","3":"e","4":"r","5":"s","6":"i","7":"o","8":"n","9":"\"","10":":","11":"3","12":",","13":"\"","14":"s","15":"o","16":"u","17":"r","18":"c","19":"e","20":"s","21":"\"","22":":","23":"[","24":"\"","25":"/","26":"U","27":"s","28":"e","29":"r","30":"s","31":"/","32":"m","33":"a","34":"r","35":"i","36":"e","37":".","38":"c","39":"o","40":"l","41":"l","42":"i","43":"n","44":"g","45":"e","46":"/","47":"d","48":"e","49":"v","50":"_","51":"f","52":"o","53":"l","54":"d","55":"e","56":"r","57":"/","58":"p","59":"a","60":"r","61":"t","62":"-","63":"b","64":"-","65":"m","66":"v","67":"p","68":"-","69":"o","70":"f","71":"-","72":"a","73":"-","74":"f","75":"u","76":"l","77":"l","78":"-","79":"s","80":"t","81":"a","82":"c","83":"k","84":"-","85":"s","86":"o","87":"l","88":"u","89":"t","90":"i","91":"o","92":"n","93":"-","94":"6","95":"0","96":"-","97":"m","98":"a","99":"r","100":"i","101":"e","102":"c","103":"o","104":"l","105":"l","106":"i","107":"n","108":"g","109":"e","110":"a","111":"d","112":"a","113":"/","114":"l","115":"i","116":"t","117":"t","118":"l","119":"e","120":"p","121":"a","122":"r","123":"t","124":"y","125":"p","126":"r","127":"o","128":"/","129":"s","130":"r","131":"c","132":"/","133":"l","134":"p","135":"p","136":"-","137":"f","138":"r","139":"o","140":"n","141":"t","142":"e","143":"n","144":"d","145":"/","146":"s","147":"r","148":"c","149":"/","150":"c","151":"o","152":"m","153":"p","154":"o","155":"n","156":"e","157":"n","158":"t","159":"s","160":"/","161":"C","162":"a","163":"t","164":"e","165":"g","166":"o","167":"r","168":"y","169":"C","170":"o","171":"m","172":"p","173":"o","174":"n","175":"e","176":"n","177":"t","178":".","179":"v","180":"u","181":"e","182":"\"","183":"]","184":",","185":"\"","186":"n","187":"a","188":"m","189":"e","190":"s","191":"\"","192":":","193":"[","194":"]","195":",","196":"\"","197":"m","198":"a","199":"p","200":"p","201":"i","202":"n","203":"g","204":"s","205":"\"","206":":","207":"\"","208":";","209":";","210":";","211":";","212":";","213":";","214":";","215":";","216":";","217":";","218":";","219":";","220":";","221":";","222":";","223":";","224":";","225":";","226":"I","227":"A","228":"a","229":"A","230":";","231":"I","232":"A","233":"E","234":"A","235":",","236":"M","237":"A","238":"A","239":"M","240":",","241":"U","242":"A","243":"A","244":"U","245":",","246":"G","247":"A","248":"A","249":"G","250":",","251":"C","252":"A","253":"A","254":"C","255":",","256":"O","257":"A","258":"A","259":"O","260":",","261":"E","262":"A","263":"A","264":"E","265":",","266":"W","267":"A","268":"A","269":"W","270":",","271":"E","272":"A","273":"A","274":"E","275":",","276":"S","277":"A","278":"A","279":"S","280":",","281":"E","282":"A","283":"A","284":"E","285":",","286":"M","287":"A","288":"A","289":"M","290":",","291":"C","292":"A","293":"A","294":"C","295":";","296":"I","297":"A","298":"Q","299":"5","300":"D","301":",","302":"S","303":"A","304":"A","305":"S","306":",","307":"W","308":"A","309":"A","310":"W","311":",","312":"C","313":"A","314":"A","315":"C","316":",","317":"Q","318":"A","319":"A","320":"Q","321":",","322":"E","323":"A","324":"A","325":"E","326":";","327":"M","328":"A","329":"C","330":"7","331":"B","332":",","333":"O","334":"A","335":"A","336":"O","337":",","338":"O","339":"A","340":"A","341":"O","342":",","343":"C","344":"A","345":"A","346":"E","347":",","348":"m","349":"B","350":"A","351":"A","352":"k","353":"B","354":",","355":"Q","356":"A","357":"A","358":"S","359":",","360":"M","361":"A","362":"A","363":"K","364":",","365":"C","366":"A","367":"A","368":"C","369":";","370":"I","371":"A","372":"C","373":"n","374":"D","375":"\"","376":",","377":"\"","378":"f","379":"i","380":"l","381":"e","382":"\"","383":":","384":"\"","385":"/","386":"U","387":"s","388":"e","389":"r","390":"s","391":"/","392":"m","393":"a","394":"r","395":"i","396":"e","397":".","398":"c","399":"o","400":"l","401":"l","402":"i","403":"n","404":"g","405":"e","406":"/","407":"d","408":"e","409":"v","410":"_","411":"f","412":"o","413":"l","414":"d","415":"e","416":"r","417":"/","418":"p","419":"a","420":"r","421":"t","422":"-","423":"b","424":"-","425":"m","426":"v","427":"p","428":"-","429":"o","430":"f","431":"-","432":"a","433":"-","434":"f","435":"u","436":"l","437":"l","438":"-","439":"s","440":"t","441":"a","442":"c","443":"k","444":"-","445":"s","446":"o","447":"l","448":"u","449":"t","450":"i","451":"o","452":"n","453":"-","454":"6","455":"0","456":"-","457":"m","458":"a","459":"r","460":"i","461":"e","462":"c","463":"o","464":"l","465":"l","466":"i","467":"n","468":"g","469":"e","470":"a","471":"d","472":"a","473":"/","474":"l","475":"i","476":"t","477":"t","478":"l","479":"e","480":"p","481":"a","482":"r","483":"t","484":"y","485":"p","486":"r","487":"o","488":"/","489":"s","490":"r","491":"c","492":"/","493":"l","494":"p","495":"p","496":"-","497":"f","498":"r","499":"o","500":"n","501":"t","502":"e","503":"n","504":"d","505":"/","506":"s","507":"r","508":"c","509":"/","510":"c","511":"o","512":"m","513":"p","514":"o","515":"n","516":"e","517":"n","518":"t","519":"s","520":"/","521":"C","522":"a","523":"t","524":"e","525":"g","526":"o","527":"r","528":"y","529":"C","530":"o","531":"m","532":"p","533":"o","534":"n","535":"e","536":"n","537":"t","538":".","539":"v","540":"u","541":"e","542":"\"","543":",","544":"\"","545":"s","546":"o","547":"u","548":"r","549":"c","550":"e","551":"s","552":"C","553":"o","554":"n","555":"t","556":"e","557":"n","558":"t","559":"\"","560":":","561":"[","562":"\"","563":"<","564":"t","565":"e","566":"m","567":"p","568":"l","569":"a","570":"t","571":"e","572":">","573":"\\","574":"n","575":" ","576":" ","577":"<","578":"d","579":"i","580":"v","581":" ","582":"c","583":"l","584":"a","585":"s","586":"s","587":"=","588":"\\","589":"\"","590":"g","591":"r","592":"i","593":"d","594":" ","595":"i","596":"t","597":"e","598":"m","599":"s","600":"-","601":"s","602":"t","603":"r","604":"e","605":"t","606":"c","607":"h","608":" ","609":"m","610":"i","611":"n","612":"-","613":"h","614":"-","615":"f","616":"u","617":"l","618":"l","619":" ","620":"g","621":"r","622":"i","623":"d","624":"-","625":"c","626":"o","627":"l","628":"s","629":"-","630":"4","631":" ","632":"r","633":"o","634":"u","635":"n","636":"d","637":"e","638":"d","639":"-","640":"l","641":"g","642":" ","643":"b","644":"g","645":"-","646":"l","647":"p","648":"p","649":"-","650":"p","651":"r","652":"i","653":"m","654":"a","655":"r","656":"y","657":"\\","658":"\"","659":" ","660":"d","661":"a","662":"t","663":"a","664":"-","665":"q","666":"a","667":"-","668":"c","669":"a","670":"t","671":"e","672":"g","673":"o","674":"r","675":"y","676":"-","677":"c","678":"o","679":"m","680":"p","681":"o","682":"n","683":"e","684":"n","685":"t","686":">","687":"\\","688":"n","689":" ","690":" ","691":" ","692":" ","693":"<","694":"d","695":"i","696":"v","697":" ","698":"c","699":"l","700":"a","701":"s","702":"s","703":"=","704":"\\","705":"\"","706":"f","707":"l","708":"e","709":"x","710":" ","711":"j","712":"u","713":"s","714":"t","715":"i","716":"f","717":"y","718":"-","719":"c","720":"e","721":"n","722":"t","723":"e","724":"r","725":"\\","726":"\"","727":" ","728":"v","729":"-","730":"f","731":"o","732":"r","733":"=","734":"\\","735":"\"","736":"c","737":"a","738":"t","739":"e","740":"g","741":"o","742":"r","743":"y","744":" ","745":"i","746":"n","747":" ","748":"c","749":"a","750":"t","751":"e","752":"g","753":"o","754":"r","755":"i","756":"e","757":"s","758":"\\","759":"\"","760":" ","761":":","762":"k","763":"e","764":"y","765":"=","766":"\\","767":"\"","768":"c","769":"a","770":"t","771":"e","772":"g","773":"o","774":"r","775":"y","776":"\\","777":"\"","778":">","779":"\\","780":"n","781":" ","782":" ","783":" ","784":" ","785":" ","786":" ","787":"<","788":"d","789":"i","790":"v","791":" ","792":"c","793":"l","794":"a","795":"s","796":"s","797":"=","798":"\\","799":"\"","800":"f","801":"l","802":"e","803":"x","804":" ","805":"f","806":"l","807":"e","808":"x","809":"-","810":"c","811":"o","812":"l","813":" ","814":"j","815":"u","816":"s","817":"t","818":"i","819":"f","820":"y","821":"-","822":"c","823":"e","824":"n","825":"t","826":"e","827":"r","828":" ","829":"m","830":"a","831":"x","832":"-","833":"w","834":"-","835":"s","836":"m","837":" ","838":"p","839":"-","840":"4","841":"\\","842":"\"","843":">","844":"\\","845":"n","846":" ","847":" ","848":" ","849":" ","850":" ","851":" ","852":" ","853":" ","854":"<","855":"i","856":"m","857":"g","858":" ","859":"c","860":"l","861":"a","862":"s","863":"s","864":"=","865":"\\","866":"\"","867":"h","868":"-","869":"1","870":"2","871":" ","872":"w","873":"-","874":"1","875":"2","876":" ","877":"s","878":"m","879":":","880":"h","881":"-","882":"2","883":"4","884":" ","885":"s","886":"m","887":":","888":"w","889":"-","890":"2","891":"4","892":" ","893":"m","894":"d","895":":","896":"h","897":"-","898":"2","899":"4","900":" ","901":"m","902":"d","903":":","904":"w","905":"-","906":"2","907":"4","908":" ","909":"h","910":"o","911":"v","912":"e","913":"r","914":":","915":"c","916":"u","917":"r","918":"s","919":"o","920":"r","921":"-","922":"p","923":"o","924":"i","925":"n","926":"t","927":"e","928":"r","929":"\\","930":"\"","931":" ","932":"@","933":"c","934":"l","935":"i","936":"c","937":"k","938":"=","939":"\\","940":"\"","941":"$","942":"e","943":"m","944":"i","945":"t","946":"(","947":"'","948":"c","949":"a","950":"t","951":"e","952":"g","953":"o","954":"r","955":"y","956":"-","957":"f","958":"i","959":"l","960":"t","961":"e","962":"r","963":"'","964":",","965":"c","966":"a","967":"t","968":"e","969":"g","970":"o","971":"r","972":"y","973":")","974":"\\","975":"\"","976":" ","977":":","978":"s","979":"r","980":"c","981":"=","982":"\\","983":"\"","984":"g","985":"e","986":"t","987":"I","988":"m","989":"a","990":"g","991":"e","992":"U","993":"r","994":"l","995":"(","996":"c","997":"a","998":"t","999":"e","1000":"g","1001":"o","1002":"r","1003":"y","1004":")","1005":"\\","1006":"\"","1007":" ","1008":"a","1009":"l","1010":"t","1011":"=","1012":"\\","1013":"\"","1014":"C","1015":"a","1016":"t","1017":"e","1018":"g","1019":"o","1020":"r","1021":"y","1022":" ","1023":"I","1024":"m","1025":"a","1026":"g","1027":"e","1028":"\\","1029":"\"","1030":" ","1031":"d","1032":"a","1033":"t","1034":"a","1035":"-","1036":"q","1037":"a","1038":"-","1039":"c","1040":"a","1041":"t","1042":"e","1043":"g","1044":"o","1045":"r","1046":"y","1047":"-","1048":"c","1049":"o","1050":"m","1051":"p","1052":"o","1053":"n","1054":"e","1055":"n","1056":"t","1057":"-","1058":"i","1059":"m","1060":"a","1061":"g","1062":"e","1063":"/","1064":">","1065":"\\","1066":"n","1067":" ","1068":" ","1069":" ","1070":" ","1071":" ","1072":" ","1073":" ","1074":" ","1075":"<","1076":"p","1077":" ","1078":"c","1079":"l","1080":"a","1081":"s","1082":"s","1083":"=","1084":"\\","1085":"\"","1086":"t","1087":"e","1088":"x","1089":"t","1090":"-","1091":"c","1092":"e","1093":"n","1094":"t","1095":"e","1096":"r","1097":"\\","1098":"\"","1099":" ","1100":"d","1101":"a","1102":"t","1103":"a","1104":"-","1105":"q","1106":"a","1107":"-","1108":"c","1109":"a","1110":"t","1111":"e","1112":"g","1113":"o","1114":"r","1115":"y","1116":"-","1117":"c","1118":"o","1119":"m","1120":"p","1121":"o","1122":"n","1123":"e","1124":"n","1125":"t","1126":"-","1127":"c","1128":"a","1129":"t","1130":"e","1131":"g","1132":"o","1133":"r","1134":"y","1135":">","1136":"{","1137":"{","1138":" ","1139":"c","1140":"a","1141":"t","1142":"e","1143":"g","1144":"o","1145":"r","1146":"y","1147":" ","1148":"}","1149":"}","1150":"<","1151":"/","1152":"p","1153":">","1154":"\\","1155":"n","1156":" ","1157":" ","1158":" ","1159":" ","1160":" ","1161":" ","1162":"<","1163":"/","1164":"d","1165":"i","1166":"v","1167":">","1168":"\\","1169":"n","1170":" ","1171":" ","1172":" ","1173":" ","1174":"<","1175":"/","1176":"d","1177":"i","1178":"v","1179":">","1180":"\\","1181":"n","1182":" ","1183":" ","1184":"<","1185":"/","1186":"d","1187":"i","1188":"v","1189":">","1190":"\\","1191":"n","1192":"\\","1193":"n","1194":"<","1195":"/","1196":"t","1197":"e","1198":"m","1199":"p","1200":"l","1201":"a","1202":"t","1203":"e","1204":">","1205":"\\","1206":"n","1207":"\\","1208":"n","1209":"<","1210":"s","1211":"c","1212":"r","1213":"i","1214":"p","1215":"t","1216":" ","1217":"s","1218":"e","1219":"t","1220":"u","1221":"p","1222":">","1223":"\\","1224":"n","1225":"/","1226":"/","1227":"\\","1228":"n","1229":"i","1230":"m","1231":"p","1232":"o","1233":"r","1234":"t","1235":" ","1236":"{","1237":"d","1238":"e","1239":"f","1240":"i","1241":"n","1242":"e","1243":"E","1244":"m","1245":"i","1246":"t","1247":"s","1248":",","1249":" ","1250":"d","1251":"e","1252":"f","1253":"i","1254":"n","1255":"e","1256":"P","1257":"r","1258":"o","1259":"p","1260":"s","1261":"}","1262":" ","1263":"f","1264":"r","1265":"o","1266":"m","1267":" ","1268":"'","1269":"v","1270":"u","1271":"e","1272":"'","1273":"\\","1274":"n","1275":"c","1276":"o","1277":"n","1278":"s","1279":"t","1280":" ","1281":"c","1282":"a","1283":"t","1284":"e","1285":"g","1286":"o","1287":"r","1288":"i","1289":"e","1290":"s","1291":" ","1292":"=","1293":" ","1294":"[","1295":"\\","1296":"\"","1297":"V","1298":"E","1299":"N","1300":"U","1301":"E","1302":"\\","1303":"\"","1304":",","1305":" ","1306":"\\","1307":"\"","1308":"D","1309":"E","1310":"C","1311":"O","1312":"R","1313":"A","1314":"T","1315":"O","1316":"R","1317":"\\","1318":"\"","1319":",","1320":" ","1321":"\\","1322":"\"","1323":"C","1324":"A","1325":"T","1326":"E","1327":"R","1328":"E","1329":"R","1330":"\\","1331":"\"","1332":",","1333":" ","1334":"\\","1335":"\"","1336":"M","1337":"I","1338":"S","1339":"C","1340":"\\","1341":"\"","1342":"]","1343":";","1344":"\\","1345":"n","1346":"\\","1347":"n","1348":"d","1349":"e","1350":"f","1351":"i","1352":"n","1353":"e","1354":"E","1355":"m","1356":"i","1357":"t","1358":"s","1359":"(","1360":"'","1361":"c","1362":"a","1363":"t","1364":"e","1365":"g","1366":"o","1367":"r","1368":"y","1369":"-","1370":"f","1371":"i","1372":"l","1373":"t","1374":"e","1375":"r","1376":"'","1377":")","1378":"\\","1379":"n","1380":"\\","1381":"n","1382":"d","1383":"e","1384":"f","1385":"i","1386":"n","1387":"e","1388":"P","1389":"r","1390":"o","1391":"p","1392":"s","1393":"(","1394":"{","1395":"\\","1396":"n","1397":" ","1398":" ","1399":"v","1400":"e","1401":"n","1402":"d","1403":"o","1404":"r","1405":"s","1406":":","1407":" ","1408":"[","1409":"]","1410":"\\","1411":"n","1412":"}","1413":")","1414":"\\","1415":"n","1416":"\\","1417":"n","1418":"f","1419":"u","1420":"n","1421":"c","1422":"t","1423":"i","1424":"o","1425":"n","1426":" ","1427":"g","1428":"e","1429":"t","1430":"I","1431":"m","1432":"a","1433":"g","1434":"e","1435":"U","1436":"r","1437":"l","1438":"(","1439":"c","1440":"a","1441":"t","1442":"e","1443":"g","1444":"o","1445":"r","1446":"y","1447":")","1448":" ","1449":"{","1450":"\\","1451":"n","1452":" ","1453":" ","1454":"r","1455":"e","1456":"t","1457":"u","1458":"r","1459":"n","1460":" ","1461":"r","1462":"e","1463":"q","1464":"u","1465":"i","1466":"r","1467":"e","1468":"(","1469":"`","1470":".","1471":".","1472":"/","1473":"a","1474":"s","1475":"s","1476":"e","1477":"t","1478":"s","1479":"/","1480":"I","1481":"c","1482":"o","1483":"n","1484":"s","1485":"/","1486":"$","1487":"{","1488":"c","1489":"a","1490":"t","1491":"e","1492":"g","1493":"o","1494":"r","1495":"y","1496":"}","1497":".","1498":"s","1499":"v","1500":"g","1501":"`","1502":")","1503":";","1504":"\\","1505":"n","1506":"}","1507":"\\","1508":"n","1509":"\\","1510":"n","1511":"<","1512":"/","1513":"s","1514":"c","1515":"r","1516":"i","1517":"p","1518":"t","1519":">","1520":"\\","1521":"n","1522":"\\","1523":"n","1524":"\\","1525":"n","1526":"\"","1527":"]","1528":"}"},"_coverageSchema":"1a1c01bbd47fc00a2c39e90264f33305004495a9","hash":"84a03795c7aea3e5961e75e51f16429274d6eb51"}
}
