{"/Users/marie.collinge/dev_folder/part-b-mvp-of-a-full-stack-solution-60-mariecollingeada/littlepartypro/src/lpp-frontend/src/components/ButtonComponent.vue": {"path":"/Users/marie.collinge/dev_folder/part-b-mvp-of-a-full-stack-solution-60-mariecollingeada/littlepartypro/src/lpp-frontend/src/components/ButtonComponent.vue","statementMap":{"0":{"start":{"line":4,"column":0},"end":{"line":6,"column":3}},"1":{"start":{"line":7,"column":0},"end":{"line":7,"column":25}},"2":{"start":{"line":8,"column":15},"end":{"line":24,"column":1}},"3":{"start":{"line":16,"column":4},"end":{"line":16,"column":15}},"4":{"start":{"line":17,"column":25},"end":{"line":17,"column":27}},"5":{"start":{"line":18,"column":4},"end":{"line":21,"column":7}},"6":{"start":{"line":22,"column":4},"end":{"line":22,"column":24}},"7":{"start":{"line":27,"column":0},"end":{"line":29,"column":3}},"8":{"start":{"line":30,"column":0},"end":{"line":30,"column":24}},"9":{"start":{"line":31,"column":11},"end":{"line":31,"column":25}},"10":{"start":{"line":32,"column":19},"end":{"line":36,"column":1}},"11":{"start":{"line":38,"column":2},"end":{"line":38,"column":132}},"12":{"start":{"line":39,"column":2},"end":{"line":39,"column":49}}},"fnMap":{"0":{"name":"(anonymous_0)","decl":{"start":{"line":13,"column":2},"end":{"line":13,"column":3}},"loc":{"start":{"line":15,"column":5},"end":{"line":23,"column":3}},"line":15},"1":{"name":"render","decl":{"start":{"line":37,"column":9},"end":{"line":37,"column":15}},"loc":{"start":{"line":37,"column":63},"end":{"line":39,"column":1}},"line":37}},"branchMap":{},"s":{"0":1,"1":1,"2":1,"3":0,"4":0,"5":0,"6":0,"7":1,"8":1,"9":1,"10":1,"11":0,"12":1},"f":{"0":0,"1":0},"b":{},"inputSourceMap":{"0":"{","1":"\"","2":"v","3":"e","4":"r","5":"s","6":"i","7":"o","8":"n","9":"\"","10":":","11":"3","12":",","13":"\"","14":"s","15":"o","16":"u","17":"r","18":"c","19":"e","20":"s","21":"\"","22":":","23":"[","24":"]","25":",","26":"\"","27":"n","28":"a","29":"m","30":"e","31":"s","32":"\"","33":":","34":"[","35":"]","36":",","37":"\"","38":"m","39":"a","40":"p","41":"p","42":"i","43":"n","44":"g","45":"s","46":"\"","47":":","48":"\"","49":"\"","50":",","51":"\"","52":"f","53":"i","54":"l","55":"e","56":"\"","57":":","58":"\"","59":"/","60":"U","61":"s","62":"e","63":"r","64":"s","65":"/","66":"m","67":"a","68":"r","69":"i","70":"e","71":".","72":"c","73":"o","74":"l","75":"l","76":"i","77":"n","78":"g","79":"e","80":"/","81":"d","82":"e","83":"v","84":"_","85":"f","86":"o","87":"l","88":"d","89":"e","90":"r","91":"/","92":"p","93":"a","94":"r","95":"t","96":"-","97":"b","98":"-","99":"m","100":"v","101":"p","102":"-","103":"o","104":"f","105":"-","106":"a","107":"-","108":"f","109":"u","110":"l","111":"l","112":"-","113":"s","114":"t","115":"a","116":"c","117":"k","118":"-","119":"s","120":"o","121":"l","122":"u","123":"t","124":"i","125":"o","126":"n","127":"-","128":"6","129":"0","130":"-","131":"m","132":"a","133":"r","134":"i","135":"e","136":"c","137":"o","138":"l","139":"l","140":"i","141":"n","142":"g","143":"e","144":"a","145":"d","146":"a","147":"/","148":"l","149":"i","150":"t","151":"t","152":"l","153":"e","154":"p","155":"a","156":"r","157":"t","158":"y","159":"p","160":"r","161":"o","162":"/","163":"s","164":"r","165":"c","166":"/","167":"l","168":"p","169":"p","170":"-","171":"f","172":"r","173":"o","174":"n","175":"t","176":"e","177":"n","178":"d","179":"/","180":"s","181":"r","182":"c","183":"/","184":"c","185":"o","186":"m","187":"p","188":"o","189":"n","190":"e","191":"n","192":"t","193":"s","194":"/","195":"B","196":"u","197":"t","198":"t","199":"o","200":"n","201":"C","202":"o","203":"m","204":"p","205":"o","206":"n","207":"e","208":"n","209":"t","210":".","211":"v","212":"u","213":"e","214":"\"","215":",","216":"\"","217":"s","218":"o","219":"u","220":"r","221":"c","222":"e","223":"s","224":"C","225":"o","226":"n","227":"t","228":"e","229":"n","230":"t","231":"\"","232":":","233":"[","234":"]","235":"}"},"_coverageSchema":"1a1c01bbd47fc00a2c39e90264f33305004495a9","hash":"b4531f3c1da82de70ee0fffbffa999b0ab277d99"}
,"/Users/marie.collinge/dev_folder/part-b-mvp-of-a-full-stack-solution-60-mariecollingeada/littlepartypro/src/lpp-frontend/src/components/LoginComponent.vue": {"path":"/Users/marie.collinge/dev_folder/part-b-mvp-of-a-full-stack-solution-60-mariecollingeada/littlepartypro/src/lpp-frontend/src/components/LoginComponent.vue","statementMap":{"0":{"start":{"line":4,"column":29},"end":{"line":4,"column":229}},"1":{"start":{"line":5,"column":0},"end":{"line":7,"column":3}},"2":{"start":{"line":8,"column":0},"end":{"line":8,"column":25}},"3":{"start":{"line":120,"column":0},"end":{"line":122,"column":3}},"4":{"start":{"line":123,"column":0},"end":{"line":123,"column":24}},"5":{"start":{"line":124,"column":11},"end":{"line":124,"column":25}},"6":{"start":{"line":125,"column":19},"end":{"line":128,"column":1}},"7":{"start":{"line":129,"column":19},"end":{"line":131,"column":1}},"8":{"start":{"line":132,"column":19},"end":{"line":136,"column":1}},"9":{"start":{"line":137,"column":32},"end":{"line":139,"column":32}},"10":{"start":{"line":140,"column":32},"end":{"line":142,"column":32}},"11":{"start":{"line":143,"column":19},"end":{"line":143,"column":27}},"12":{"start":{"line":144,"column":19},"end":{"line":146,"column":1}},"13":{"start":{"line":147,"column":19},"end":{"line":149,"column":1}},"14":{"start":{"line":150,"column":19},"end":{"line":152,"column":1}},"15":{"start":{"line":153,"column":20},"end":{"line":156,"column":1}},"16":{"start":{"line":158,"column":2},"end":{"line":182,"column":805}},"17":{"start":{"line":161,"column":49},"end":{"line":161,"column":74}},"18":{"start":{"line":166,"column":63},"end":{"line":166,"column":87}},"19":{"start":{"line":171,"column":49},"end":{"line":171,"column":91}},"20":{"start":{"line":175,"column":63},"end":{"line":175,"column":87}},"21":{"start":{"line":180,"column":49},"end":{"line":180,"column":126}},"22":{"start":{"line":183,"column":2},"end":{"line":183,"column":49}}},"fnMap":{"0":{"name":"render","decl":{"start":{"line":157,"column":9},"end":{"line":157,"column":15}},"loc":{"start":{"line":157,"column":63},"end":{"line":183,"column":1}},"line":157},"1":{"name":"(anonymous_1)","decl":{"start":{"line":161,"column":39},"end":{"line":161,"column":40}},"loc":{"start":{"line":161,"column":49},"end":{"line":161,"column":74}},"line":161},"2":{"name":"(anonymous_2)","decl":{"start":{"line":166,"column":53},"end":{"line":166,"column":54}},"loc":{"start":{"line":166,"column":63},"end":{"line":166,"column":87}},"line":166},"3":{"name":"(anonymous_3)","decl":{"start":{"line":171,"column":39},"end":{"line":171,"column":40}},"loc":{"start":{"line":171,"column":49},"end":{"line":171,"column":91}},"line":171},"4":{"name":"(anonymous_4)","decl":{"start":{"line":175,"column":53},"end":{"line":175,"column":54}},"loc":{"start":{"line":175,"column":63},"end":{"line":175,"column":87}},"line":175},"5":{"name":"(anonymous_5)","decl":{"start":{"line":180,"column":39},"end":{"line":180,"column":40}},"loc":{"start":{"line":180,"column":49},"end":{"line":180,"column":126}},"line":180}},"branchMap":{"0":{"loc":{"start":{"line":161,"column":13},"end":{"line":161,"column":75}},"type":"binary-expr","locations":[{"start":{"line":161,"column":13},"end":{"line":161,"column":22}},{"start":{"line":161,"column":27},"end":{"line":161,"column":74}}],"line":161},"1":{"loc":{"start":{"line":163,"column":79},"end":{"line":163,"column":127}},"type":"cond-expr","locations":[{"start":{"line":163,"column":107},"end":{"line":163,"column":114}},{"start":{"line":163,"column":117},"end":{"line":163,"column":127}}],"line":163},"2":{"loc":{"start":{"line":166,"column":27},"end":{"line":166,"column":88}},"type":"binary-expr","locations":[{"start":{"line":166,"column":27},"end":{"line":166,"column":36}},{"start":{"line":166,"column":41},"end":{"line":166,"column":87}}],"line":166},"3":{"loc":{"start":{"line":171,"column":13},"end":{"line":171,"column":92}},"type":"binary-expr","locations":[{"start":{"line":171,"column":13},"end":{"line":171,"column":22}},{"start":{"line":171,"column":27},"end":{"line":171,"column":91}}],"line":171},"4":{"loc":{"start":{"line":175,"column":27},"end":{"line":175,"column":88}},"type":"binary-expr","locations":[{"start":{"line":175,"column":27},"end":{"line":175,"column":36}},{"start":{"line":175,"column":41},"end":{"line":175,"column":87}}],"line":175},"5":{"loc":{"start":{"line":180,"column":13},"end":{"line":180,"column":127}},"type":"binary-expr","locations":[{"start":{"line":180,"column":13},"end":{"line":180,"column":22}},{"start":{"line":180,"column":27},"end":{"line":180,"column":126}}],"line":180},"6":{"loc":{"start":{"line":182,"column":6},"end":{"line":182,"column":328}},"type":"cond-expr","locations":[{"start":{"line":182,"column":44},"end":{"line":182,"column":282}},{"start":{"line":182,"column":286},"end":{"line":182,"column":328}}],"line":182},"7":{"loc":{"start":{"line":182,"column":188},"end":{"line":182,"column":264}},"type":"cond-expr","locations":[{"start":{"line":182,"column":216},"end":{"line":182,"column":235}},{"start":{"line":182,"column":238},"end":{"line":182,"column":264}}],"line":182},"8":{"loc":{"start":{"line":182,"column":330},"end":{"line":182,"column":681}},"type":"cond-expr","locations":[{"start":{"line":182,"column":406},"end":{"line":182,"column":635}},{"start":{"line":182,"column":639},"end":{"line":182,"column":681}}],"line":182},"9":{"loc":{"start":{"line":182,"column":330},"end":{"line":182,"column":402}},"type":"binary-expr","locations":[{"start":{"line":182,"column":330},"end":{"line":182,"column":364}},{"start":{"line":182,"column":368},"end":{"line":182,"column":402}}],"line":182},"10":{"loc":{"start":{"line":182,"column":551},"end":{"line":182,"column":617}},"type":"cond-expr","locations":[{"start":{"line":182,"column":579},"end":{"line":182,"column":593}},{"start":{"line":182,"column":596},"end":{"line":182,"column":617}}],"line":182}},"s":{"0":1,"1":1,"2":1,"3":1,"4":1,"5":1,"6":1,"7":1,"8":1,"9":1,"10":1,"11":1,"12":1,"13":1,"14":1,"15":1,"16":0,"17":0,"18":0,"19":0,"20":0,"21":0,"22":1},"f":{"0":0,"1":0,"2":0,"3":0,"4":0,"5":0},"b":{"0":[0,0],"1":[0,0],"2":[0,0],"3":[0,0],"4":[0,0],"5":[0,0],"6":[0,0],"7":[0,0],"8":[0,0],"9":[0,0],"10":[0,0]},"inputSourceMap":{"0":"{","1":"\"","2":"v","3":"e","4":"r","5":"s","6":"i","7":"o","8":"n","9":"\"","10":":","11":"3","12":",","13":"\"","14":"s","15":"o","16":"u","17":"r","18":"c","19":"e","20":"s","21":"\"","22":":","23":"[","24":"\"","25":"/","26":"U","27":"s","28":"e","29":"r","30":"s","31":"/","32":"m","33":"a","34":"r","35":"i","36":"e","37":".","38":"c","39":"o","40":"l","41":"l","42":"i","43":"n","44":"g","45":"e","46":"/","47":"d","48":"e","49":"v","50":"_","51":"f","52":"o","53":"l","54":"d","55":"e","56":"r","57":"/","58":"p","59":"a","60":"r","61":"t","62":"-","63":"b","64":"-","65":"m","66":"v","67":"p","68":"-","69":"o","70":"f","71":"-","72":"a","73":"-","74":"f","75":"u","76":"l","77":"l","78":"-","79":"s","80":"t","81":"a","82":"c","83":"k","84":"-","85":"s","86":"o","87":"l","88":"u","89":"t","90":"i","91":"o","92":"n","93":"-","94":"6","95":"0","96":"-","97":"m","98":"a","99":"r","100":"i","101":"e","102":"c","103":"o","104":"l","105":"l","106":"i","107":"n","108":"g","109":"e","110":"a","111":"d","112":"a","113":"/","114":"l","115":"i","116":"t","117":"t","118":"l","119":"e","120":"p","121":"a","122":"r","123":"t","124":"y","125":"p","126":"r","127":"o","128":"/","129":"s","130":"r","131":"c","132":"/","133":"l","134":"p","135":"p","136":"-","137":"f","138":"r","139":"o","140":"n","141":"t","142":"e","143":"n","144":"d","145":"/","146":"s","147":"r","148":"c","149":"/","150":"c","151":"o","152":"m","153":"p","154":"o","155":"n","156":"e","157":"n","158":"t","159":"s","160":"/","161":"L","162":"o","163":"g","164":"i","165":"n","166":"C","167":"o","168":"m","169":"p","170":"o","171":"n","172":"e","173":"n","174":"t","175":".","176":"v","177":"u","178":"e","179":"\"","180":"]","181":",","182":"\"","183":"n","184":"a","185":"m","186":"e","187":"s","188":"\"","189":":","190":"[","191":"]","192":",","193":"\"","194":"m","195":"a","196":"p","197":"p","198":"i","199":"n","200":"g","201":"s","202":"\"","203":":","204":"\"","205":";","206":";","207":";","208":";","209":";","210":";","211":";","212":";","213":";","214":";","215":";","216":"A","217":"A","218":"m","219":"C","220":"A","221":";","222":"A","223":"A","224":"A","225":"A","226":";","227":"A","228":"A","229":"A","230":"A","231":";","232":"A","233":"A","234":"A","235":"8","236":"D","237":";","238":"A","239":"A","240":"A","241":"A","242":";","243":";","244":";","245":";","246":";","247":";","248":";","249":";","250":";","251":";","252":";","253":";","254":";","255":";","256":";","257":";","258":";","259":";","260":";","261":";","262":";","263":";","264":";","265":";","266":";","267":";","268":";","269":";","270":";","271":";","272":";","273":";","274":";","275":"I","276":"A","277":"C","278":"9","279":"D","280":",","281":"M","282":"A","283":"A","284":"M","285":",","286":"Q","287":"A","288":"A","289":"Q","290":";","291":"I","292":"A","293":"A","294":"G","295":";","296":"I","297":"A","298":"A","299":"A","300":";","301":"I","302":"A","303":"A","304":"A","305":";","306":"I","307":"A","308":"A","309":"A","310":";","311":"I","312":"A","313":"A","314":"A","315":";","316":"I","317":"A","318":"A","319":"A","320":",","321":"Q","322":"A","323":"A","324":"S","325":",","326":"E","327":"A","328":"A","329":"C","330":",","331":"O","332":"A","333":"A","334":"O","335":",","336":"E","337":"A","338":"A","339":"E","340":",","341":"U","342":"A","343":"A","344":"U","345":",","346":"C","347":"A","348":"A","349":"C","350":";","351":"I","352":"A","353":"C","354":"/","355":"C","356":",","357":"M","358":"A","359":"A","360":"M","361":",","362":"Q","363":"A","364":"A","365":"Q","366":";","367":"I","368":"A","369":"A","370":"G","371":";","372":"I","373":"A","374":"A","375":"A","376":";","377":"I","378":"A","379":"A","380":"A","381":";","382":"I","383":"A","384":"A","385":"A","386":";","387":"I","388":"A","389":"A","390":"A","391":";","392":"I","393":"A","394":"A","395":"A","396":",","397":"Q","398":"A","399":"A","400":"S","401":",","402":"E","403":"A","404":"A","405":"C","406":",","407":"O","408":"A","409":"A","410":"O","411":",","412":"E","413":"A","414":"A","415":"E","416":",","417":"U","418":"A","419":"A","420":"U","421":",","422":"C","423":"A","424":"A","425":"C","426":";","427":"I","428":"A","429":"C","430":"/","431":"C","432":",","433":"M","434":"A","435":"A","436":"M","437":",","438":"Y","439":"A","440":"A","441":"Y","442":";","443":"I","444":"A","445":"A","446":"G","447":";","448":"I","449":"A","450":"A","451":"A","452":";","453":"I","454":"A","455":"A","456":"A","457":";","458":"I","459":"A","460":"A","461":"A","462":";","463":"I","464":"A","465":"A","466":"A","467":";","468":"I","469":"A","470":"A","471":"A","472":",","473":"G","474":"A","475":"A","476":"G","477":",","478":"E","479":"A","480":"A","481":"C","482":",","483":"I","484":"A","485":"A","486":"I","487":",","488":"C","489":"A","490":"A","491":"C","492":";","493":"I","494":"A","495":"E","496":"9","497":"B","498":",","499":"M","500":"A","501":"A","502":"M","503":",","504":"i","505":"B","506":"A","507":"A","508":"i","509":"B","510":";","511":"I","512":"A","513":"A","514":"G","515":";","516":"I","517":"A","518":"A","519":"A","520":";","521":"I","522":"A","523":"A","524":"A","525":";","526":"I","527":"A","528":"A","529":"A","530":";","531":"I","532":"A","533":"A","534":"A","535":";","536":"I","537":"A","538":"A","539":"A","540":",","541":"Q","542":"A","543":"A","544":"Q","545":",","546":"E","547":"A","548":"A","549":"C","550":",","551":"M","552":"A","553":"A","554":"M","555":",","556":"Y","557":"A","558":"A","559":"Y","560":",","561":"C","562":"A","563":"A","564":"C","565":",","566":"K","567":"A","568":"A","569":"K","570":",","571":"G","572":"A","573":"A","574":"G","575":",","576":"Q","577":"A","578":"A","579":"Q","580":",","581":"G","582":"A","583":"A","584":"G","585":",","586":"c","587":"A","588":"A","589":"c","590":",","591":"C","592":"A","593":"A","594":"C","595":";","596":"I","597":"A","598":"C","599":"x","600":"F","601":",","602":"M","603":"A","604":"A","605":"M","606":",","607":"i","608":"B","609":"A","610":"A","611":"i","612":"B","613":";","614":"I","615":"A","616":"A","617":"G","618":";","619":"I","620":"A","621":"A","622":"A","623":";","624":"I","625":"A","626":"A","627":"A","628":";","629":"I","630":"A","631":"A","632":"A","633":";","634":"I","635":"A","636":"A","637":"A","638":";","639":"I","640":"A","641":"A","642":"A","643":",","644":"Q","645":"A","646":"A","647":"Q","648":",","649":"E","650":"A","651":"A","652":"C","653":",","654":"M","655":"A","656":"A","657":"M","658":",","659":"Y","660":"A","661":"A","662":"Y","663":",","664":"C","665":"A","666":"A","667":"C","668":",","669":"K","670":"A","671":"A","672":"K","673":",","674":"G","675":"A","676":"A","677":"G","678":",","679":"U","680":"A","681":"A","682":"U","683":",","684":"G","685":"A","686":"A","687":"G","688":",","689":"M","690":"A","691":"A","692":"M","693":",","694":"C","695":"A","696":"A","697":"C","698":"\"","699":",","700":"\"","701":"f","702":"i","703":"l","704":"e","705":"\"","706":":","707":"\"","708":"/","709":"U","710":"s","711":"e","712":"r","713":"s","714":"/","715":"m","716":"a","717":"r","718":"i","719":"e","720":".","721":"c","722":"o","723":"l","724":"l","725":"i","726":"n","727":"g","728":"e","729":"/","730":"d","731":"e","732":"v","733":"_","734":"f","735":"o","736":"l","737":"d","738":"e","739":"r","740":"/","741":"p","742":"a","743":"r","744":"t","745":"-","746":"b","747":"-","748":"m","749":"v","750":"p","751":"-","752":"o","753":"f","754":"-","755":"a","756":"-","757":"f","758":"u","759":"l","760":"l","761":"-","762":"s","763":"t","764":"a","765":"c","766":"k","767":"-","768":"s","769":"o","770":"l","771":"u","772":"t","773":"i","774":"o","775":"n","776":"-","777":"6","778":"0","779":"-","780":"m","781":"a","782":"r","783":"i","784":"e","785":"c","786":"o","787":"l","788":"l","789":"i","790":"n","791":"g","792":"e","793":"a","794":"d","795":"a","796":"/","797":"l","798":"i","799":"t","800":"t","801":"l","802":"e","803":"p","804":"a","805":"r","806":"t","807":"y","808":"p","809":"r","810":"o","811":"/","812":"s","813":"r","814":"c","815":"/","816":"l","817":"p","818":"p","819":"-","820":"f","821":"r","822":"o","823":"n","824":"t","825":"e","826":"n","827":"d","828":"/","829":"s","830":"r","831":"c","832":"/","833":"c","834":"o","835":"m","836":"p","837":"o","838":"n","839":"e","840":"n","841":"t","842":"s","843":"/","844":"L","845":"o","846":"g","847":"i","848":"n","849":"C","850":"o","851":"m","852":"p","853":"o","854":"n","855":"e","856":"n","857":"t","858":".","859":"v","860":"u","861":"e","862":"\"","863":",","864":"\"","865":"s","866":"o","867":"u","868":"r","869":"c","870":"e","871":"s","872":"C","873":"o","874":"n","875":"t","876":"e","877":"n","878":"t","879":"\"","880":":","881":"[","882":"\"","883":"<","884":"t","885":"e","886":"m","887":"p","888":"l","889":"a","890":"t","891":"e","892":">","893":"\\","894":"n","895":" ","896":" ","897":"<","898":"d","899":"i","900":"v","901":"\\","902":"n","903":" ","904":" ","905":" ","906":" ","907":" ","908":" ","909":"v","910":"-","911":"s","912":"h","913":"o","914":"w","915":"=","916":"\\","917":"\"","918":"m","919":"o","920":"d","921":"a","922":"l","923":"A","924":"c","925":"t","926":"i","927":"v","928":"e","929":"\\","930":"\"","931":"\\","932":"n","933":"\\","934":"n","935":" ","936":" ","937":" ","938":" ","939":" ","940":" ","941":"c","942":"l","943":"a","944":"s","945":"s","946":"=","947":"\\","948":"\"","949":"f","950":"i","951":"x","952":"e","953":"d","954":" ","955":"z","956":"-","957":"5","958":"0","959":" ","960":"i","961":"n","962":"s","963":"e","964":"t","965":"-","966":"0","967":" ","968":"f","969":"l","970":"e","971":"x","972":" ","973":"i","974":"t","975":"e","976":"m","977":"s","978":"-","979":"c","980":"e","981":"n","982":"t","983":"e","984":"r","985":" ","986":"j","987":"u","988":"s","989":"t","990":"i","991":"f","992":"y","993":"-","994":"c","995":"e","996":"n","997":"t","998":"e","999":"r","1000":" ","1001":"b","1002":"g","1003":"-","1004":"b","1005":"l","1006":"a","1007":"c","1008":"k","1009":" ","1010":"b","1011":"g","1012":"-","1013":"o","1014":"p","1015":"a","1016":"c","1017":"i","1018":"t","1019":"y","1020":"-","1021":"5","1022":"0","1023":" ","1024":"w","1025":"-","1026":"f","1027":"u","1028":"l","1029":"l","1030":" ","1031":"h","1032":"-","1033":"s","1034":"c","1035":"r","1036":"e","1037":"e","1038":"n","1039":"\\","1040":"\"","1041":"\\","1042":"n","1043":" ","1044":" ","1045":" ","1046":" ","1047":" ","1048":" ","1049":"d","1050":"a","1051":"t","1052":"a","1053":"-","1054":"q","1055":"a","1056":"-","1057":"l","1058":"o","1059":"g","1060":"i","1061":"n","1062":"-","1063":"c","1064":"o","1065":"m","1066":"p","1067":"o","1068":"n","1069":"e","1070":"n","1071":"t","1072":">","1073":"\\","1074":"n","1075":" ","1076":" ","1077":" ","1078":" ","1079":"<","1080":"d","1081":"i","1082":"v","1083":"\\","1084":"n","1085":" ","1086":" ","1087":" ","1088":" ","1089":" ","1090":" ","1091":" ","1092":" ","1093":"v","1094":"-","1095":"s","1096":"h","1097":"o","1098":"w","1099":"=","1100":"\\","1101":"\"","1102":"m","1103":"o","1104":"d","1105":"a","1106":"l","1107":"A","1108":"c","1109":"t","1110":"i","1111":"v","1112":"e","1113":"\\","1114":"\"","1115":"\\","1116":"n","1117":" ","1118":" ","1119":" ","1120":" ","1121":" ","1122":" ","1123":" ","1124":" ","1125":"c","1126":"l","1127":"a","1128":"s","1129":"s","1130":"=","1131":"\\","1132":"\"","1133":"p","1134":"-","1135":"4","1136":" ","1137":"b","1138":"g","1139":"-","1140":"l","1141":"p","1142":"p","1143":"-","1144":"p","1145":"r","1146":"i","1147":"m","1148":"a","1149":"r","1150":"y","1151":" ","1152":"s","1153":"e","1154":"l","1155":"f","1156":"-","1157":"s","1158":"t","1159":"a","1160":"r","1161":"t","1162":" ","1163":"m","1164":"t","1165":"-","1166":"3","1167":"2","1168":" ","1169":"m","1170":"a","1171":"x","1172":"-","1173":"w","1174":"-","1175":"s","1176":"c","1177":"r","1178":"e","1179":"e","1180":"n","1181":"-","1182":"m","1183":"d","1184":"\\","1185":"\"","1186":">","1187":"\\","1188":"n","1189":" ","1190":" ","1191":" ","1192":" ","1193":" ","1194":" ","1195":"<","1196":"b","1197":"u","1198":"t","1199":"t","1200":"o","1201":"n","1202":" ","1203":"t","1204":"y","1205":"p","1206":"e","1207":"=","1208":"\\","1209":"\"","1210":"b","1211":"u","1212":"t","1213":"t","1214":"o","1215":"n","1216":"\\","1217":"\"","1218":" ","1219":"c","1220":"l","1221":"a","1222":"s","1223":"s","1224":"=","1225":"\\","1226":"\"","1227":"f","1228":"a","1229":"-","1230":"s","1231":"o","1232":"l","1233":"i","1234":"d","1235":" ","1236":"f","1237":"a","1238":"-","1239":"x","1240":"m","1241":"a","1242":"r","1243":"k","1244":" ","1245":"h","1246":"o","1247":"v","1248":"e","1249":"r","1250":":","1251":"t","1252":"e","1253":"x","1254":"t","1255":"-","1256":"l","1257":"p","1258":"p","1259":"-","1260":"t","1261":"h","1262":"i","1263":"r","1264":"d","1265":" ","1266":"c","1267":"u","1268":"r","1269":"s","1270":"o","1271":"r","1272":"-","1273":"p","1274":"o","1275":"i","1276":"n","1277":"t","1278":"e","1279":"r","1280":"\\","1281":"\"","1282":" ","1283":"@","1284":"c","1285":"l","1286":"i","1287":"c","1288":"k","1289":"=","1290":"\\","1291":"\"","1292":"$","1293":"e","1294":"m","1295":"i","1296":"t","1297":"(","1298":"'","1299":"c","1300":"l","1301":"o","1302":"s","1303":"e","1304":"-","1305":"m","1306":"o","1307":"d","1308":"a","1309":"l","1310":"'","1311":")","1312":" ","1313":"\\","1314":"\"","1315":" ","1316":"d","1317":"a","1318":"t","1319":"a","1320":"-","1321":"q","1322":"a","1323":"-","1324":"l","1325":"o","1326":"g","1327":"i","1328":"n","1329":"-","1330":"c","1331":"o","1332":"m","1333":"p","1334":"o","1335":"n","1336":"e","1337":"n","1338":"t","1339":"-","1340":"b","1341":"u","1342":"t","1343":"t","1344":"o","1345":"n","1346":">","1347":"<","1348":"/","1349":"b","1350":"u","1351":"t","1352":"t","1353":"o","1354":"n","1355":">","1356":"\\","1357":"n","1358":" ","1359":" ","1360":" ","1361":" ","1362":" ","1363":" ","1364":"<","1365":"h","1366":"3","1367":" ","1368":"c","1369":"l","1370":"a","1371":"s","1372":"s","1373":"=","1374":"\\","1375":"\"","1376":"t","1377":"e","1378":"x","1379":"t","1380":"-","1381":"l","1382":"g","1383":" ","1384":"f","1385":"o","1386":"n","1387":"t","1388":"-","1389":"m","1390":"e","1391":"d","1392":"i","1393":"u","1394":"m","1395":" ","1396":"t","1397":"e","1398":"x","1399":"t","1400":"-","1401":"g","1402":"r","1403":"a","1404":"y","1405":"-","1406":"9","1407":"0","1408":"0","1409":"\\","1410":"\"","1411":" ","1412":"i","1413":"d","1414":"=","1415":"\\","1416":"\"","1417":"m","1418":"o","1419":"d","1420":"a","1421":"l","1422":"-","1423":"t","1424":"i","1425":"t","1426":"l","1427":"e","1428":"\\","1429":"\"","1430":" ","1431":"d","1432":"a","1433":"t","1434":"a","1435":"-","1436":"q","1437":"a","1438":"-","1439":"l","1440":"o","1441":"g","1442":"i","1443":"n","1444":"-","1445":"c","1446":"o","1447":"m","1448":"p","1449":"o","1450":"n","1451":"e","1452":"n","1453":"t","1454":"-","1455":"l","1456":"o","1457":"g","1458":"i","1459":"n","1460":"-","1461":"m","1462":"e","1463":"s","1464":"s","1465":"a","1466":"g","1467":"e","1468":">","1469":"{","1470":"{","1471":" ","1472":"m","1473":"e","1474":"t","1475":"h","1476":"o","1477":"d","1478":" ","1479":"=","1480":"=","1481":"=","1482":" ","1483":"'","1484":"l","1485":"o","1486":"g","1487":"i","1488":"n","1489":"'","1490":" ","1491":"?","1492":" ","1493":"'","1494":"L","1495":"o","1496":"g","1497":"i","1498":"n","1499":"'","1500":" ","1501":":","1502":" ","1503":"'","1504":"R","1505":"e","1506":"g","1507":"i","1508":"s","1509":"t","1510":"e","1511":"r","1512":"'","1513":" ","1514":"}","1515":"}","1516":"<","1517":"/","1518":"h","1519":"3","1520":">","1521":"\\","1522":"n","1523":" ","1524":" ","1525":" ","1526":" ","1527":" ","1528":" ","1529":"<","1530":"f","1531":"o","1532":"r","1533":"m","1534":">","1535":"\\","1536":"n","1537":" ","1538":" ","1539":" ","1540":" ","1541":" ","1542":" ","1543":" ","1544":" ","1545":"<","1546":"l","1547":"a","1548":"b","1549":"e","1550":"l","1551":" ","1552":"f","1553":"o","1554":"r","1555":"=","1556":"\\","1557":"\"","1558":"u","1559":"s","1560":"e","1561":"r","1562":"n","1563":"a","1564":"m","1565":"e","1566":"\\","1567":"\"","1568":">","1569":"U","1570":"s","1571":"e","1572":"r","1573":"n","1574":"a","1575":"m","1576":"e","1577":"<","1578":"/","1579":"l","1580":"a","1581":"b","1582":"e","1583":"l","1584":">","1585":"\\","1586":"n","1587":" ","1588":" ","1589":" ","1590":" ","1591":" ","1592":" ","1593":" ","1594":" ","1595":"<","1596":"i","1597":"n","1598":"p","1599":"u","1600":"t","1601":" ","1602":"t","1603":"y","1604":"p","1605":"e","1606":"=","1607":"\\","1608":"\"","1609":"t","1610":"e","1611":"x","1612":"t","1613":"\\","1614":"\"","1615":" ","1616":"i","1617":"d","1618":"=","1619":"\\","1620":"\"","1621":"u","1622":"s","1623":"e","1624":"r","1625":"n","1626":"a","1627":"m","1628":"e","1629":"\\","1630":"\"","1631":" ","1632":"v","1633":"-","1634":"m","1635":"o","1636":"d","1637":"e","1638":"l","1639":"=","1640":"\\","1641":"\"","1642":"u","1643":"s","1644":"e","1645":"r","1646":"n","1647":"a","1648":"m","1649":"e","1650":"\\","1651":"\"","1652":" ","1653":":","1654":"p","1655":"l","1656":"a","1657":"c","1658":"e","1659":"h","1660":"o","1661":"l","1662":"d","1663":"e","1664":"r","1665":"=","1666":"\\","1667":"\"","1668":"'","1669":"u","1670":"s","1671":"e","1672":"r","1673":"n","1674":"a","1675":"m","1676":"e","1677":"'","1678":"\\","1679":"\"","1680":" ","1681":"r","1682":"e","1683":"q","1684":"u","1685":"i","1686":"r","1687":"e","1688":"d","1689":"/","1690":">","1691":"\\","1692":"n","1693":" ","1694":" ","1695":" ","1696":" ","1697":" ","1698":" ","1699":" ","1700":" ","1701":"<","1702":"l","1703":"a","1704":"b","1705":"e","1706":"l","1707":" ","1708":"f","1709":"o","1710":"r","1711":"=","1712":"\\","1713":"\"","1714":"p","1715":"a","1716":"s","1717":"s","1718":"w","1719":"o","1720":"r","1721":"d","1722":"\\","1723":"\"","1724":">","1725":"P","1726":"a","1727":"s","1728":"s","1729":"w","1730":"o","1731":"r","1732":"d","1733":"<","1734":"/","1735":"l","1736":"a","1737":"b","1738":"e","1739":"l","1740":">","1741":"\\","1742":"n","1743":" ","1744":" ","1745":" ","1746":" ","1747":" ","1748":" ","1749":" ","1750":" ","1751":"<","1752":"i","1753":" ","1754":"c","1755":"l","1756":"a","1757":"s","1758":"s","1759":"=","1760":"\\","1761":"\"","1762":"f","1763":"a","1764":"s","1765":"\\","1766":"\"","1767":" ","1768":":","1769":"c","1770":"l","1771":"a","1772":"s","1773":"s","1774":"=","1775":"\\","1776":"\"","1777":"[","1778":"p","1779":"a","1780":"s","1781":"s","1782":"w","1783":"o","1784":"r","1785":"d","1786":"F","1787":"i","1788":"e","1789":"l","1790":"d","1791":"I","1792":"c","1793":"o","1794":"n","1795":"]","1796":"\\","1797":"\"","1798":" ","1799":"@","1800":"c","1801":"l","1802":"i","1803":"c","1804":"k","1805":"=","1806":"\\","1807":"\"","1808":"h","1809":"i","1810":"d","1811":"e","1812":"P","1813":"a","1814":"s","1815":"s","1816":"w","1817":"o","1818":"r","1819":"d","1820":" ","1821":"=","1822":" ","1823":"!","1824":"h","1825":"i","1826":"d","1827":"e","1828":"P","1829":"a","1830":"s","1831":"s","1832":"w","1833":"o","1834":"r","1835":"d","1836":"\\","1837":"\"","1838":">","1839":"<","1840":"/","1841":"i","1842":">","1843":"\\","1844":"n","1845":" ","1846":" ","1847":" ","1848":" ","1849":" ","1850":" ","1851":" ","1852":" ","1853":"<","1854":"i","1855":"n","1856":"p","1857":"u","1858":"t","1859":" ","1860":":","1861":"t","1862":"y","1863":"p","1864":"e","1865":"=","1866":"\\","1867":"\"","1868":"p","1869":"a","1870":"s","1871":"s","1872":"w","1873":"o","1874":"r","1875":"d","1876":"F","1877":"i","1878":"e","1879":"l","1880":"d","1881":"T","1882":"y","1883":"p","1884":"e","1885":"\\","1886":"\"","1887":" ","1888":"i","1889":"d","1890":"=","1891":"\\","1892":"\"","1893":"p","1894":"a","1895":"s","1896":"s","1897":"w","1898":"o","1899":"r","1900":"d","1901":"\\","1902":"\"","1903":" ","1904":"v","1905":"-","1906":"m","1907":"o","1908":"d","1909":"e","1910":"l","1911":"=","1912":"\\","1913":"\"","1914":"p","1915":"a","1916":"s","1917":"s","1918":"w","1919":"o","1920":"r","1921":"d","1922":"\\","1923":"\"","1924":" ","1925":":","1926":"p","1927":"l","1928":"a","1929":"c","1930":"e","1931":"h","1932":"o","1933":"l","1934":"d","1935":"e","1936":"r","1937":"=","1938":"\\","1939":"\"","1940":"'","1941":"p","1942":"a","1943":"s","1944":"s","1945":"w","1946":"o","1947":"r","1948":"d","1949":"'","1950":"\\","1951":"\"","1952":" ","1953":"r","1954":"e","1955":"q","1956":"u","1957":"i","1958":"r","1959":"e","1960":"d","1961":"/","1962":">","1963":"\\","1964":"n","1965":" ","1966":" ","1967":" ","1968":" ","1969":" ","1970":" ","1971":"<","1972":"/","1973":"f","1974":"o","1975":"r","1976":"m","1977":">","1978":"\\","1979":"n","1980":"\\","1981":"n","1982":" ","1983":" ","1984":" ","1985":" ","1986":" ","1987":" ","1988":"<","1989":"B","1990":"u","1991":"t","1992":"t","1993":"o","1994":"n","1995":"C","1996":"o","1997":"m","1998":"p","1999":"o","2000":"n","2001":"e","2002":"n","2003":"t","2004":" ","2005":"t","2006":"e","2007":"x","2008":"t","2009":"=","2010":"\\","2011":"\"","2012":"S","2013":"u","2014":"b","2015":"m","2016":"i","2017":"t","2018":"\\","2019":"\"","2020":" ","2021":"@","2022":"c","2023":"l","2024":"i","2025":"c","2026":"k","2027":"=","2028":"\\","2029":"\"","2030":"$","2031":"e","2032":"m","2033":"i","2034":"t","2035":"(","2036":"'","2037":"p","2038":"e","2039":"r","2040":"f","2041":"o","2042":"r","2043":"m","2044":"-","2045":"a","2046":"c","2047":"t","2048":"i","2049":"o","2050":"n","2051":"'","2052":",","2053":" ","2054":"m","2055":"e","2056":"t","2057":"h","2058":"o","2059":"d","2060":",","2061":" ","2062":"u","2063":"s","2064":"e","2065":"r","2066":"n","2067":"a","2068":"m","2069":"e","2070":",","2071":" ","2072":"p","2073":"a","2074":"s","2075":"s","2076":"w","2077":"o","2078":"r","2079":"d","2080":")","2081":"\\","2082":"\"","2083":" ","2084":"d","2085":"a","2086":"t","2087":"a","2088":"-","2089":"q","2090":"a","2091":"-","2092":"l","2093":"o","2094":"g","2095":"i","2096":"n","2097":"-","2098":"c","2099":"o","2100":"m","2101":"p","2102":"o","2103":"n","2104":"e","2105":"n","2106":"t","2107":"-","2108":"s","2109":"u","2110":"b","2111":"m","2112":"i","2113":"t","2114":"-","2115":"b","2116":"u","2117":"t","2118":"t","2119":"o","2120":"n","2121":"/","2122":">","2123":"\\","2124":"n","2125":"\\","2126":"n","2127":"\\","2128":"n","2129":" ","2130":" ","2131":" ","2132":" ","2133":" ","2134":" ","2135":"<","2136":"d","2137":"i","2138":"v","2139":" ","2140":"v","2141":"-","2142":"i","2143":"f","2144":"=","2145":"\\","2146":"\"","2147":"l","2148":"o","2149":"g","2150":"i","2151":"n","2152":"R","2153":"e","2154":"s","2155":"p","2156":"o","2157":"n","2158":"s","2159":"e","2160":"S","2161":"t","2162":"a","2163":"t","2164":"u","2165":"s","2166":" ","2167":"=","2168":"=","2169":"=","2170":" ","2171":"2","2172":"0","2173":"0","2174":"\\","2175":"\"","2176":">","2177":"\\","2178":"n","2179":" ","2180":" ","2181":" ","2182":" ","2183":" ","2184":" ","2185":" ","2186":" ","2187":"<","2188":"p","2189":" ","2190":"d","2191":"a","2192":"t","2193":"a","2194":"-","2195":"q","2196":"a","2197":"-","2198":"l","2199":"o","2200":"g","2201":"i","2202":"n","2203":"-","2204":"c","2205":"o","2206":"m","2207":"p","2208":"o","2209":"n","2210":"e","2211":"n","2212":"t","2213":"-","2214":"s","2215":"u","2216":"c","2217":"c","2218":"e","2219":"s","2220":"s","2221":"-","2222":"r","2223":"e","2224":"s","2225":"p","2226":"o","2227":"n","2228":"s","2229":"e","2230":"-","2231":"m","2232":"e","2233":"s","2234":"s","2235":"a","2236":"g","2237":"e","2238":">","2239":"{","2240":"{","2241":" ","2242":"m","2243":"e","2244":"t","2245":"h","2246":"o","2247":"d","2248":" ","2249":"=","2250":"=","2251":"=","2252":" ","2253":"'","2254":"l","2255":"o","2256":"g","2257":"i","2258":"n","2259":"'","2260":" ","2261":"?","2262":" ","2263":"'","2264":"L","2265":"o","2266":"g","2267":"i","2268":"n","2269":" ","2270":"s","2271":"u","2272":"c","2273":"c","2274":"e","2275":"s","2276":"s","2277":"f","2278":"u","2279":"l","2280":"!","2281":"'","2282":" ","2283":":","2284":" ","2285":"'","2286":"R","2287":"e","2288":"g","2289":"i","2290":"s","2291":"t","2292":"r","2293":"a","2294":"t","2295":"i","2296":"o","2297":"n","2298":" ","2299":"s","2300":"u","2301":"c","2302":"c","2303":"e","2304":"s","2305":"s","2306":"f","2307":"u","2308":"l","2309":"!","2310":"'","2311":" ","2312":"}","2313":"}","2314":"<","2315":"/","2316":"p","2317":">","2318":"\\","2319":"n","2320":" ","2321":" ","2322":" ","2323":" ","2324":" ","2325":" ","2326":"<","2327":"/","2328":"d","2329":"i","2330":"v","2331":">","2332":"\\","2333":"n","2334":" ","2335":" ","2336":" ","2337":" ","2338":" ","2339":" ","2340":"<","2341":"d","2342":"i","2343":"v","2344":" ","2345":"v","2346":"-","2347":"i","2348":"f","2349":"=","2350":"\\","2351":"\"","2352":"l","2353":"o","2354":"g","2355":"i","2356":"n","2357":"R","2358":"e","2359":"s","2360":"p","2361":"o","2362":"n","2363":"s","2364":"e","2365":"S","2366":"t","2367":"a","2368":"t","2369":"u","2370":"s","2371":" ","2372":"=","2373":"=","2374":"=","2375":" ","2376":"4","2377":"0","2378":"1","2379":" ","2380":"|","2381":"|","2382":" ","2383":"l","2384":"o","2385":"g","2386":"i","2387":"n","2388":"R","2389":"e","2390":"s","2391":"p","2392":"o","2393":"n","2394":"s","2395":"e","2396":"S","2397":"t","2398":"a","2399":"t","2400":"u","2401":"s","2402":" ","2403":"=","2404":"=","2405":"=","2406":" ","2407":"5","2408":"0","2409":"0","2410":"\\","2411":"\"","2412":">","2413":"\\","2414":"n","2415":" ","2416":" ","2417":" ","2418":" ","2419":" ","2420":" ","2421":" ","2422":" ","2423":"<","2424":"p","2425":" ","2426":"c","2427":"l","2428":"a","2429":"s","2430":"s","2431":"=","2432":"\\","2433":"\"","2434":"t","2435":"e","2436":"x","2437":"t","2438":"-","2439":"r","2440":"e","2441":"d","2442":"-","2443":"4","2444":"0","2445":"0","2446":"\\","2447":"\"","2448":" ","2449":"d","2450":"a","2451":"t","2452":"a","2453":"-","2454":"q","2455":"a","2456":"-","2457":"l","2458":"o","2459":"g","2460":"i","2461":"n","2462":"-","2463":"c","2464":"o","2465":"m","2466":"p","2467":"o","2468":"n","2469":"e","2470":"n","2471":"t","2472":"-","2473":"f","2474":"a","2475":"i","2476":"l","2477":"u","2478":"r","2479":"e","2480":"-","2481":"r","2482":"e","2483":"s","2484":"p","2485":"o","2486":"n","2487":"s","2488":"e","2489":"-","2490":"m","2491":"e","2492":"s","2493":"s","2494":"a","2495":"g","2496":"e","2497":">","2498":"{","2499":"{","2500":" ","2501":"m","2502":"e","2503":"t","2504":"h","2505":"o","2506":"d","2507":" ","2508":"=","2509":"=","2510":"=","2511":" ","2512":"'","2513":"l","2514":"o","2515":"g","2516":"i","2517":"n","2518":"'","2519":" ","2520":"?","2521":" ","2522":"'","2523":"L","2524":"o","2525":"g","2526":"i","2527":"n","2528":" ","2529":"f","2530":"a","2531":"i","2532":"l","2533":"e","2534":"d","2535":"'","2536":" ","2537":":","2538":" ","2539":"'","2540":"R","2541":"e","2542":"g","2543":"i","2544":"s","2545":"t","2546":"r","2547":"a","2548":"t","2549":"i","2550":"o","2551":"n","2552":" ","2553":"f","2554":"a","2555":"i","2556":"l","2557":"e","2558":"d","2559":"'","2560":" ","2561":"}","2562":"}","2563":"<","2564":"/","2565":"p","2566":">","2567":"\\","2568":"n","2569":" ","2570":" ","2571":" ","2572":" ","2573":" ","2574":" ","2575":"<","2576":"/","2577":"d","2578":"i","2579":"v","2580":">","2581":"\\","2582":"n","2583":" ","2584":" ","2585":" ","2586":" ","2587":"<","2588":"/","2589":"d","2590":"i","2591":"v","2592":">","2593":"\\","2594":"n","2595":" ","2596":" ","2597":"<","2598":"/","2599":"d","2600":"i","2601":"v","2602":">","2603":"\\","2604":"n","2605":"\\","2606":"n","2607":"<","2608":"/","2609":"t","2610":"e","2611":"m","2612":"p","2613":"l","2614":"a","2615":"t","2616":"e","2617":">","2618":"\\","2619":"n","2620":"\\","2621":"n","2622":"<","2623":"s","2624":"c","2625":"r","2626":"i","2627":"p","2628":"t","2629":" ","2630":"s","2631":"e","2632":"t","2633":"u","2634":"p","2635":">","2636":"\\","2637":"n","2638":"i","2639":"m","2640":"p","2641":"o","2642":"r","2643":"t","2644":" ","2645":"{","2646":"d","2647":"e","2648":"f","2649":"i","2650":"n","2651":"e","2652":"P","2653":"r","2654":"o","2655":"p","2656":"s","2657":",","2658":" ","2659":"d","2660":"e","2661":"f","2662":"i","2663":"n","2664":"e","2665":"E","2666":"m","2667":"i","2668":"t","2669":"s","2670":",","2671":" ","2672":"d","2673":"e","2674":"f","2675":"i","2676":"n","2677":"e","2678":"M","2679":"o","2680":"d","2681":"e","2682":"l","2683":",","2684":" ","2685":"c","2686":"o","2687":"m","2688":"p","2689":"u","2690":"t","2691":"e","2692":"d","2693":",","2694":" ","2695":"r","2696":"e","2697":"f","2698":"}","2699":" ","2700":"f","2701":"r","2702":"o","2703":"m","2704":" ","2705":"'","2706":"v","2707":"u","2708":"e","2709":"'","2710":"\\","2711":"n","2712":"i","2713":"m","2714":"p","2715":"o","2716":"r","2717":"t","2718":" ","2719":"B","2720":"u","2721":"t","2722":"t","2723":"o","2724":"n","2725":"C","2726":"o","2727":"m","2728":"p","2729":"o","2730":"n","2731":"e","2732":"n","2733":"t","2734":" ","2735":"f","2736":"r","2737":"o","2738":"m","2739":" ","2740":"'","2741":"@","2742":"/","2743":"c","2744":"o","2745":"m","2746":"p","2747":"o","2748":"n","2749":"e","2750":"n","2751":"t","2752":"s","2753":"/","2754":"B","2755":"u","2756":"t","2757":"t","2758":"o","2759":"n","2760":"C","2761":"o","2762":"m","2763":"p","2764":"o","2765":"n","2766":"e","2767":"n","2768":"t","2769":".","2770":"v","2771":"u","2772":"e","2773":"'","2774":"\\","2775":"n","2776":"c","2777":"o","2778":"n","2779":"s","2780":"t","2781":" ","2782":"u","2783":"s","2784":"e","2785":"r","2786":"n","2787":"a","2788":"m","2789":"e","2790":" ","2791":"=","2792":" ","2793":"d","2794":"e","2795":"f","2796":"i","2797":"n","2798":"e","2799":"M","2800":"o","2801":"d","2802":"e","2803":"l","2804":"(","2805":"'","2806":"u","2807":"s","2808":"e","2809":"r","2810":"n","2811":"a","2812":"m","2813":"e","2814":"'","2815":")","2816":"\\","2817":"n","2818":"c","2819":"o","2820":"n","2821":"s","2822":"t","2823":" ","2824":"p","2825":"a","2826":"s","2827":"s","2828":"w","2829":"o","2830":"r","2831":"d","2832":" ","2833":"=","2834":" ","2835":"d","2836":"e","2837":"f","2838":"i","2839":"n","2840":"e","2841":"M","2842":"o","2843":"d","2844":"e","2845":"l","2846":"(","2847":"'","2848":"p","2849":"a","2850":"s","2851":"s","2852":"w","2853":"o","2854":"r","2855":"d","2856":"'","2857":")","2858":"\\","2859":"n","2860":"c","2861":"o","2862":"n","2863":"s","2864":"t","2865":" ","2866":"h","2867":"i","2868":"d","2869":"e","2870":"P","2871":"a","2872":"s","2873":"s","2874":"w","2875":"o","2876":"r","2877":"d","2878":" ","2879":"=","2880":" ","2881":"r","2882":"e","2883":"f","2884":"(","2885":"t","2886":"r","2887":"u","2888":"e","2889":")","2890":";","2891":"\\","2892":"n","2893":"\\","2894":"n","2895":"c","2896":"o","2897":"n","2898":"s","2899":"t","2900":" ","2901":"p","2902":"a","2903":"s","2904":"s","2905":"w","2906":"o","2907":"r","2908":"d","2909":"F","2910":"i","2911":"e","2912":"l","2913":"d","2914":"I","2915":"c","2916":"o","2917":"n","2918":" ","2919":"=","2920":" ","2921":"c","2922":"o","2923":"m","2924":"p","2925":"u","2926":"t","2927":"e","2928":"d","2929":"(","2930":"(","2931":")","2932":" ","2933":"=","2934":">","2935":" ","2936":"h","2937":"i","2938":"d","2939":"e","2940":"P","2941":"a","2942":"s","2943":"s","2944":"w","2945":"o","2946":"r","2947":"d","2948":".","2949":"v","2950":"a","2951":"l","2952":"u","2953":"e","2954":" ","2955":"?","2956":" ","2957":"\\","2958":"\"","2959":"f","2960":"a","2961":"-","2962":"e","2963":"y","2964":"e","2965":"\\","2966":"\"","2967":" ","2968":":","2969":" ","2970":"\\","2971":"\"","2972":"f","2973":"a","2974":"-","2975":"e","2976":"y","2977":"e","2978":"-","2979":"s","2980":"l","2981":"a","2982":"s","2983":"h","2984":"\\","2985":"\"","2986":")","2987":";","2988":"\\","2989":"n","2990":"c","2991":"o","2992":"n","2993":"s","2994":"t","2995":" ","2996":"p","2997":"a","2998":"s","2999":"s","3000":"w","3001":"o","3002":"r","3003":"d","3004":"F","3005":"i","3006":"e","3007":"l","3008":"d","3009":"T","3010":"y","3011":"p","3012":"e","3013":" ","3014":"=","3015":" ","3016":"c","3017":"o","3018":"m","3019":"p","3020":"u","3021":"t","3022":"e","3023":"d","3024":"(","3025":"(","3026":")","3027":" ","3028":"=","3029":">","3030":" ","3031":"h","3032":"i","3033":"d","3034":"e","3035":"P","3036":"a","3037":"s","3038":"s","3039":"w","3040":"o","3041":"r","3042":"d","3043":".","3044":"v","3045":"a","3046":"l","3047":"u","3048":"e","3049":" ","3050":"?","3051":" ","3052":"\\","3053":"\"","3054":"p","3055":"a","3056":"s","3057":"s","3058":"w","3059":"o","3060":"r","3061":"d","3062":"\\","3063":"\"","3064":" ","3065":":","3066":" ","3067":"\\","3068":"\"","3069":"t","3070":"e","3071":"x","3072":"t","3073":"\\","3074":"\"","3075":")","3076":";","3077":"\\","3078":"n","3079":"\\","3080":"n","3081":"d","3082":"e","3083":"f","3084":"i","3085":"n","3086":"e","3087":"E","3088":"m","3089":"i","3090":"t","3091":"s","3092":"(","3093":"[","3094":"'","3095":"c","3096":"l","3097":"o","3098":"s","3099":"e","3100":"-","3101":"m","3102":"o","3103":"d","3104":"a","3105":"l","3106":"'","3107":"]","3108":",","3109":" ","3110":"'","3111":"p","3112":"e","3113":"r","3114":"f","3115":"o","3116":"r","3117":"m","3118":"-","3119":"a","3120":"c","3121":"t","3122":"i","3123":"o","3124":"n","3125":"'","3126":")","3127":"\\","3128":"n","3129":"d","3130":"e","3131":"f","3132":"i","3133":"n","3134":"e","3135":"P","3136":"r","3137":"o","3138":"p","3139":"s","3140":"(","3141":"{","3142":"\\","3143":"n","3144":" ","3145":" ","3146":"m","3147":"o","3148":"d","3149":"a","3150":"l","3151":"A","3152":"c","3153":"t","3154":"i","3155":"v","3156":"e","3157":":","3158":" ","3159":"{","3160":"\\","3161":"n","3162":" ","3163":" ","3164":" ","3165":" ","3166":"t","3167":"y","3168":"p","3169":"e","3170":":","3171":" ","3172":"B","3173":"o","3174":"o","3175":"l","3176":"e","3177":"a","3178":"n","3179":",","3180":"\\","3181":"n","3182":" ","3183":" ","3184":" ","3185":" ","3186":"d","3187":"e","3188":"f","3189":"a","3190":"u","3191":"l","3192":"t","3193":":","3194":" ","3195":"f","3196":"a","3197":"l","3198":"s","3199":"e","3200":",","3201":"\\","3202":"n","3203":" ","3204":" ","3205":"}","3206":",","3207":"\\","3208":"n","3209":" ","3210":" ","3211":"m","3212":"e","3213":"t","3214":"h","3215":"o","3216":"d","3217":":","3218":" ","3219":"S","3220":"t","3221":"r","3222":"i","3223":"n","3224":"g","3225":",","3226":"\\","3227":"n","3228":" ","3229":" ","3230":"l","3231":"o","3232":"g","3233":"i","3234":"n","3235":"R","3236":"e","3237":"s","3238":"p","3239":"o","3240":"n","3241":"s","3242":"e","3243":"S","3244":"t","3245":"a","3246":"t","3247":"u","3248":"s","3249":":","3250":" ","3251":"N","3252":"u","3253":"m","3254":"b","3255":"e","3256":"r","3257":",","3258":"\\","3259":"n","3260":" ","3261":" ","3262":"l","3263":"o","3264":"g","3265":"i","3266":"n","3267":"R","3268":"e","3269":"s","3270":"p","3271":"o","3272":"n","3273":"s","3274":"e","3275":"M","3276":"e","3277":"s","3278":"s","3279":"a","3280":"g","3281":"e","3282":":","3283":" ","3284":"S","3285":"t","3286":"r","3287":"i","3288":"n","3289":"g","3290":"\\","3291":"n","3292":"}","3293":")","3294":"\\","3295":"n","3296":"\\","3297":"n","3298":"\\","3299":"n","3300":"<","3301":"/","3302":"s","3303":"c","3304":"r","3305":"i","3306":"p","3307":"t","3308":">","3309":"\\","3310":"n","3311":"\\","3312":"n","3313":"\"","3314":"]","3315":"}"},"_coverageSchema":"1a1c01bbd47fc00a2c39e90264f33305004495a9","hash":"cdb6d79b5c28af80d96ae372cee6b721260b88f9"}
,"/Users/marie.collinge/dev_folder/part-b-mvp-of-a-full-stack-solution-60-mariecollingeada/littlepartypro/src/lpp-frontend/src/components/NavComponent.vue": {"path":"/Users/marie.collinge/dev_folder/part-b-mvp-of-a-full-stack-solution-60-mariecollingeada/littlepartypro/src/lpp-frontend/src/components/NavComponent.vue","statementMap":{"0":{"start":{"line":4,"column":29},"end":{"line":4,"column":229}},"1":{"start":{"line":5,"column":0},"end":{"line":7,"column":3}},"2":{"start":{"line":8,"column":0},"end":{"line":8,"column":25}},"3":{"start":{"line":168,"column":0},"end":{"line":170,"column":3}},"4":{"start":{"line":171,"column":0},"end":{"line":171,"column":24}},"5":{"start":{"line":172,"column":11},"end":{"line":172,"column":25}},"6":{"start":{"line":173,"column":19},"end":{"line":176,"column":1}},"7":{"start":{"line":177,"column":19},"end":{"line":179,"column":1}},"8":{"start":{"line":180,"column":19},"end":{"line":182,"column":1}},"9":{"start":{"line":183,"column":32},"end":{"line":189,"column":44}},"10":{"start":{"line":190,"column":19},"end":{"line":193,"column":1}},"11":{"start":{"line":195,"column":2},"end":{"line":221,"column":178}},"12":{"start":{"line":199,"column":49},"end":{"line":199,"column":72}},"13":{"start":{"line":205,"column":49},"end":{"line":205,"column":75}},"14":{"start":{"line":211,"column":49},"end":{"line":211,"column":69}},"15":{"start":{"line":222,"column":2},"end":{"line":222,"column":49}}},"fnMap":{"0":{"name":"render","decl":{"start":{"line":194,"column":9},"end":{"line":194,"column":15}},"loc":{"start":{"line":194,"column":63},"end":{"line":222,"column":1}},"line":194},"1":{"name":"(anonymous_1)","decl":{"start":{"line":199,"column":39},"end":{"line":199,"column":40}},"loc":{"start":{"line":199,"column":49},"end":{"line":199,"column":72}},"line":199},"2":{"name":"(anonymous_2)","decl":{"start":{"line":205,"column":39},"end":{"line":205,"column":40}},"loc":{"start":{"line":205,"column":49},"end":{"line":205,"column":75}},"line":205},"3":{"name":"(anonymous_3)","decl":{"start":{"line":211,"column":39},"end":{"line":211,"column":40}},"loc":{"start":{"line":211,"column":49},"end":{"line":211,"column":69}},"line":211}},"branchMap":{"0":{"loc":{"start":{"line":195,"column":233},"end":{"line":201,"column":50}},"type":"cond-expr","locations":[{"start":{"line":195,"column":260},"end":{"line":201,"column":4}},{"start":{"line":201,"column":8},"end":{"line":201,"column":50}}],"line":195},"1":{"loc":{"start":{"line":199,"column":13},"end":{"line":199,"column":73}},"type":"binary-expr","locations":[{"start":{"line":199,"column":13},"end":{"line":199,"column":22}},{"start":{"line":199,"column":27},"end":{"line":199,"column":72}}],"line":199},"2":{"loc":{"start":{"line":201,"column":52},"end":{"line":207,"column":50}},"type":"cond-expr","locations":[{"start":{"line":201,"column":79},"end":{"line":207,"column":4}},{"start":{"line":207,"column":8},"end":{"line":207,"column":50}}],"line":201},"3":{"loc":{"start":{"line":205,"column":13},"end":{"line":205,"column":76}},"type":"binary-expr","locations":[{"start":{"line":205,"column":13},"end":{"line":205,"column":22}},{"start":{"line":205,"column":27},"end":{"line":205,"column":75}}],"line":205},"4":{"loc":{"start":{"line":207,"column":52},"end":{"line":213,"column":50}},"type":"cond-expr","locations":[{"start":{"line":207,"column":78},"end":{"line":213,"column":4}},{"start":{"line":213,"column":8},"end":{"line":213,"column":50}}],"line":207},"5":{"loc":{"start":{"line":211,"column":13},"end":{"line":211,"column":70}},"type":"binary-expr","locations":[{"start":{"line":211,"column":13},"end":{"line":211,"column":22}},{"start":{"line":211,"column":27},"end":{"line":211,"column":69}}],"line":211},"6":{"loc":{"start":{"line":213,"column":66},"end":{"line":213,"column":352}},"type":"cond-expr","locations":[{"start":{"line":213,"column":107},"end":{"line":213,"column":306}},{"start":{"line":213,"column":310},"end":{"line":213,"column":352}}],"line":213},"7":{"loc":{"start":{"line":213,"column":358},"end":{"line":221,"column":149}},"type":"cond-expr","locations":[{"start":{"line":213,"column":380},"end":{"line":221,"column":103}},{"start":{"line":221,"column":107},"end":{"line":221,"column":149}}],"line":213}},"s":{"0":1,"1":1,"2":1,"3":1,"4":1,"5":1,"6":1,"7":1,"8":1,"9":1,"10":1,"11":2,"12":0,"13":0,"14":0,"15":1},"f":{"0":2,"1":0,"2":0,"3":0},"b":{"0":[1,1],"1":[1,1],"2":[1,1],"3":[1,1],"4":[1,1],"5":[1,1],"6":[1,1],"7":[0,2]},"inputSourceMap":{"0":"{","1":"\"","2":"v","3":"e","4":"r","5":"s","6":"i","7":"o","8":"n","9":"\"","10":":","11":"3","12":",","13":"\"","14":"s","15":"o","16":"u","17":"r","18":"c","19":"e","20":"s","21":"\"","22":":","23":"[","24":"\"","25":"/","26":"U","27":"s","28":"e","29":"r","30":"s","31":"/","32":"m","33":"a","34":"r","35":"i","36":"e","37":".","38":"c","39":"o","40":"l","41":"l","42":"i","43":"n","44":"g","45":"e","46":"/","47":"d","48":"e","49":"v","50":"_","51":"f","52":"o","53":"l","54":"d","55":"e","56":"r","57":"/","58":"p","59":"a","60":"r","61":"t","62":"-","63":"b","64":"-","65":"m","66":"v","67":"p","68":"-","69":"o","70":"f","71":"-","72":"a","73":"-","74":"f","75":"u","76":"l","77":"l","78":"-","79":"s","80":"t","81":"a","82":"c","83":"k","84":"-","85":"s","86":"o","87":"l","88":"u","89":"t","90":"i","91":"o","92":"n","93":"-","94":"6","95":"0","96":"-","97":"m","98":"a","99":"r","100":"i","101":"e","102":"c","103":"o","104":"l","105":"l","106":"i","107":"n","108":"g","109":"e","110":"a","111":"d","112":"a","113":"/","114":"l","115":"i","116":"t","117":"t","118":"l","119":"e","120":"p","121":"a","122":"r","123":"t","124":"y","125":"p","126":"r","127":"o","128":"/","129":"s","130":"r","131":"c","132":"/","133":"l","134":"p","135":"p","136":"-","137":"f","138":"r","139":"o","140":"n","141":"t","142":"e","143":"n","144":"d","145":"/","146":"s","147":"r","148":"c","149":"/","150":"c","151":"o","152":"m","153":"p","154":"o","155":"n","156":"e","157":"n","158":"t","159":"s","160":"/","161":"N","162":"a","163":"v","164":"C","165":"o","166":"m","167":"p","168":"o","169":"n","170":"e","171":"n","172":"t","173":".","174":"v","175":"u","176":"e","177":"\"","178":"]","179":",","180":"\"","181":"n","182":"a","183":"m","184":"e","185":"s","186":"\"","187":":","188":"[","189":"]","190":",","191":"\"","192":"m","193":"a","194":"p","195":"p","196":"i","197":"n","198":"g","199":"s","200":"\"","201":":","202":"\"","203":";","204":";","205":";","206":";","207":";","208":";","209":";","210":";","211":"A","212":"A","213":"o","214":"C","215":"A","216":";","217":"A","218":"A","219":"A","220":"A","221":";","222":"A","223":"A","224":"A","225":"A","226":";","227":"A","228":"A","229":"C","230":"A","231":";","232":"A","233":"A","234":"A","235":"A","236":";","237":"A","238":"A","239":"A","240":"A","241":";","242":"A","243":"A","244":"C","245":"A","246":";","247":"A","248":"A","249":"A","250":"A","251":";","252":"A","253":"A","254":"A","255":"A","256":";","257":"A","258":"A","259":"A","260":"o","261":"C","262":";","263":"A","264":"A","265":"A","266":"A","267":";","268":";","269":";","270":";","271":";","272":";","273":";","274":";","275":";","276":";","277":";","278":";","279":"I","280":"A","281":"E","282":"p","283":"C","284":",","285":"M","286":"A","287":"A","288":"M","289":",","290":"W","291":"A","292":"A","293":"W","294":";","295":"I","296":"A","297":"A","298":"G","299":";","300":"I","301":"A","302":"A","303":"A","304":";","305":"I","306":"A","307":"A","308":"A","309":";","310":"I","311":"A","312":"A","313":"A","314":";","315":"I","316":"A","317":"A","318":"A","319":";","320":"I","321":"A","322":"A","323":"A","324":",","325":"G","326":"A","327":"A","328":"G","329":",","330":"E","331":"A","332":"A","333":"C","334":",","335":"K","336":"A","337":"A","338":"K","339":",","340":"C","341":"A","342":"A","343":"C","344":";","345":"I","346":"A","347":"C","348":"9","349":"B","350":",","351":"M","352":"A","353":"A","354":"M","355":",","356":"W","357":"A","358":"A","359":"W","360":";","361":"I","362":"A","363":"A","364":"G","365":";","366":"I","367":"A","368":"A","369":"A","370":";","371":"I","372":"A","373":"A","374":"A","375":";","376":"I","377":"A","378":"A","379":"A","380":";","381":"I","382":"A","383":"A","384":"A","385":";","386":"I","387":"A","388":"A","389":"A","390":",","391":"G","392":"A","393":"A","394":"G","395":",","396":"E","397":"A","398":"A","399":"C","400":",","401":"C","402":"A","403":"A","404":"C","405":";","406":"I","407":"A","408":"E","409":"z","410":"B","411":",","412":"M","413":"A","414":"A","415":"M","416":",","417":"m","418":"B","419":"A","420":"A","421":"m","422":"B","423":";","424":"I","425":"A","426":"A","427":"G","428":";","429":"I","430":"A","431":"A","432":"A","433":";","434":"I","435":"A","436":"A","437":"A","438":";","439":"I","440":"A","441":"A","442":"A","443":";","444":"I","445":"A","446":"A","447":"A","448":";","449":"I","450":"A","451":"A","452":"A","453":",","454":"G","455":"A","456":"A","457":"G","458":",","459":"E","460":"A","461":"A","462":"C","463":",","464":"C","465":"A","466":"A","467":"C","468":";","469":"I","470":"A","471":"C","472":"j","473":"C","474":",","475":"M","476":"A","477":"A","478":"M","479":",","480":"g","481":"B","482":"A","483":"A","484":"g","485":"B","486":";","487":"I","488":"A","489":"A","490":"G","491":";","492":"I","493":"A","494":"A","495":"A","496":";","497":"I","498":"A","499":"A","500":"A","501":";","502":"I","503":"A","504":"A","505":"A","506":";","507":"I","508":"A","509":"A","510":"A","511":";","512":"I","513":"A","514":"A","515":"A","516":",","517":"G","518":"A","519":"A","520":"G","521":",","522":"E","523":"A","524":"A","525":"C","526":",","527":"C","528":"A","529":"A","530":"C","531":";","532":"I","533":"A","534":"C","535":"9","536":"B","537":",","538":"M","539":"A","540":"A","541":"M","542":",","543":"e","544":"A","545":"A","546":"e","547":";","548":"I","549":"A","550":"A","551":"G","552":";","553":"I","554":"A","555":"A","556":"A","557":";","558":"I","559":"A","560":"A","561":"A","562":";","563":"I","564":"A","565":"A","566":"A","567":";","568":"I","569":"A","570":"A","571":"A","572":";","573":"I","574":"A","575":"A","576":"A","577":",","578":"G","579":"A","580":"A","581":"G","582":",","583":"E","584":"A","585":"A","586":"C","587":",","588":"K","589":"A","590":"A","591":"K","592":",","593":"C","594":"A","595":"A","596":"C","597":";","598":"I","599":"A","600":"C","601":"l","602":"C","603":",","604":"M","605":"A","606":"A","607":"M","608":",","609":"o","610":"B","611":"A","612":"A","613":"o","614":"B","615":";","616":"I","617":"A","618":"A","619":"G","620":";","621":"I","622":"A","623":"A","624":"A","625":";","626":"I","627":"A","628":"A","629":"A","630":";","631":"I","632":"A","633":"A","634":"A","635":";","636":"I","637":"A","638":"A","639":"A","640":";","641":"I","642":"A","643":"A","644":"A","645":",","646":"G","647":"A","648":"A","649":"G","650":",","651":"E","652":"A","653":"A","654":"C","655":",","656":"E","657":"A","658":"A","659":"E","660":",","661":"C","662":"A","663":"A","664":"C","665":";","666":"I","667":"A","668":"Q","669":"p","670":"C","671":",","672":"M","673":"A","674":"A","675":"M","676":",","677":"W","678":"A","679":"A","680":"W","681":",","682":"G","683":"A","684":"A","685":"G","686":",","687":"M","688":"A","689":"A","690":"M","691":";","692":"M","693":"A","694":"C","695":"x","696":"B","697":",","698":"W","699":"A","700":"A","701":"W","702":",","703":"C","704":"A","705":"A","706":"C","707":",","708":"K","709":"A","710":"A","711":"K","712":",","713":"G","714":"A","715":"A","716":"G","717":",","718":"K","719":"A","720":"A","721":"K","722":";","723":"I","724":"A","725":"C","726":"3","727":"B","728":",","729":"C","730":"A","731":"A","732":"C","733":";","734":"I","735":"A","736":"C","737":"D","738":",","739":"M","740":"A","741":"A","742":"M","743":",","744":"W","745":"A","746":"A","747":"W","748":",","749":"G","750":"A","751":"A","752":"G","753":",","754":"M","755":"A","756":"A","757":"M","758":";","759":"M","760":"A","761":"C","762":"x","763":"B","764":",","765":"e","766":"A","767":"A","768":"e","769":",","770":"C","771":"A","772":"A","773":"C","774":",","775":"K","776":"A","777":"A","778":"K","779":",","780":"G","781":"A","782":"A","783":"G","784":",","785":"K","786":"A","787":"A","788":"K","789":";","790":"M","791":"A","792":"C","793":"7","794":"B","795":",","796":"g","797":"B","798":"A","799":"A","800":"g","801":"B","802":",","803":"C","804":"A","805":"A","806":"C","807":",","808":"K","809":"A","810":"A","811":"K","812":",","813":"G","814":"A","815":"A","816":"G","817":",","818":"S","819":"A","820":"A","821":"S","822":";","823":"I","824":"A","825":"C","826":"p","827":"C","828":",","829":"C","830":"A","831":"A","832":"C","833":";","834":"I","835":"A","836":"E","837":"D","838":",","839":"M","840":"A","841":"A","842":"M","843":",","844":"c","845":"A","846":"A","847":"c","848":",","849":"G","850":"A","851":"A","852":"G","853":",","854":"M","855":"A","856":"A","857":"M","858":";","859":"M","860":"A","861":"C","862":"3","863":"B","864":",","865":"W","866":"A","867":"A","868":"W","869":",","870":"C","871":"A","872":"A","873":"C","874":",","875":"K","876":"A","877":"A","878":"K","879":",","880":"G","881":"A","882":"A","883":"G","884":",","885":"O","886":"A","887":"A","888":"O","889":";","890":"M","891":"A","892":"C","893":"3","894":"B","895":",","896":"W","897":"A","898":"A","899":"W","900":",","901":"C","902":"A","903":"A","904":"C","905":",","906":"K","907":"A","908":"A","909":"K","910":",","911":"G","912":"A","913":"A","914":"G","915":",","916":"I","917":"A","918":"A","919":"I","920":";","921":"I","922":"A","923":"C","924":"1","925":"B","926":",","927":"C","928":"A","929":"A","930":"C","931":";","932":"I","933":"A","934":"E","935":"D","936":",","937":"M","938":"A","939":"A","940":"M","941":",","942":"i","943":"B","944":"A","945":"A","946":"i","947":"B","948":",","949":"G","950":"A","951":"A","952":"G","953":",","954":"M","955":"A","956":"A","957":"M","958":";","959":"M","960":"A","961":"C","962":"9","963":"B","964":",","965":"W","966":"A","967":"A","968":"W","969":",","970":"C","971":"A","972":"A","973":"C","974":",","975":"K","976":"A","977":"A","978":"K","979":",","980":"G","981":"A","982":"A","983":"G","984":",","985":"U","986":"A","987":"A","988":"U","989":";","990":"M","991":"A","992":"C","993":"9","994":"B","995":",","996":"W","997":"A","998":"A","999":"W","1000":",","1001":"C","1002":"A","1003":"A","1004":"C","1005":",","1006":"K","1007":"A","1008":"A","1009":"K","1010":",","1011":"G","1012":"A","1013":"A","1014":"G","1015":",","1016":"I","1017":"A","1018":"A","1019":"I","1020":";","1021":"I","1022":"A","1023":"C","1024":"1","1025":"B","1026":",","1027":"C","1028":"A","1029":"A","1030":"C","1031":";","1032":"I","1033":"A","1034":"E","1035":"D","1036":",","1037":"S","1038":"A","1039":"A","1040":"S","1041":",","1042":"a","1043":"A","1044":"A","1045":"a","1046":",","1047":"C","1048":"A","1049":"A","1050":"C","1051":",","1052":"M","1053":"A","1054":"A","1055":"M","1056":",","1057":"E","1058":"A","1059":"A","1060":"E","1061":",","1062":"Q","1063":"A","1064":"A","1065":"Q","1066":",","1067":"E","1068":"A","1069":"A","1070":"E","1071":",","1072":"Q","1073":"A","1074":"A","1075":"Q","1076":",","1077":"E","1078":"A","1079":"A","1080":"E","1081":";","1082":"M","1083":"A","1084":"C","1085":"j","1086":"D","1087":";","1088":"M","1089":"A","1090":"C","1091":"A","1092":";","1093":"M","1094":"A","1095":"C","1096":"A","1097":";","1098":"M","1099":"A","1100":"C","1101":"A","1102":";","1103":"M","1104":"A","1105":"C","1106":"A","1107":",","1108":"M","1109":"A","1110":"A","1111":"M","1112":",","1113":"Q","1114":"A","1115":"A","1116":"Q","1117":",","1118":"G","1119":"A","1120":"A","1121":"G","1122":",","1123":"M","1124":"A","1125":"A","1126":"M","1127":",","1128":"K","1129":"A","1130":"A","1131":"K","1132":",","1133":"O","1134":"A","1135":"A","1136":"O","1137":",","1138":"G","1139":"A","1140":"A","1141":"G","1142":",","1143":"O","1144":"A","1145":"A","1146":"O","1147":",","1148":"G","1149":"A","1150":"A","1151":"G","1152":",","1153":"U","1154":"A","1155":"A","1156":"U","1157":";","1158":"M","1159":"A","1160":"E","1161":"1","1162":"D","1163":",","1164":"K","1165":"A","1166":"A","1167":"K","1168":",","1169":"C","1170":"A","1171":"A","1172":"E","1173":",","1174":"Y","1175":"A","1176":"A","1177":"W","1178":",","1179":"Q","1180":"A","1181":"A","1182":"S","1183":",","1184":"E","1185":"A","1186":"A","1187":"C","1188":",","1189":"E","1190":"A","1191":"A","1192":"E","1193":";","1194":"Q","1195":"A","1196":"C","1197":"5","1198":"B","1199":",","1200":"M","1201":"A","1202":"A","1203":"M","1204":",","1205":"E","1206":"A","1207":"A","1208":"E","1209":",","1210":"M","1211":"A","1212":"A","1213":"M","1214":";","1215":"Q","1216":"A","1217":"C","1218":"d","1219":",","1220":"I","1221":"A","1222":"A","1223":"I","1224":",","1225":"E","1226":"A","1227":"A","1228":"E","1229":",","1230":"I","1231":"A","1232":"A","1233":"I","1234":",","1235":"C","1236":"A","1237":"A","1238":"C","1239":",","1240":"S","1241":"A","1242":"A","1243":"S","1244":",","1245":"C","1246":"A","1247":"A","1248":"C","1249":";","1250":"U","1251":"A","1252":"A","1253":"C","1254":",","1255":"Q","1256":"A","1257":"A","1258":"Q","1259":";","1260":"U","1261":"A","1262":"A","1263":"E","1264":";","1265":"Q","1266":"A","1267":"A","1268":"Q","1269":",","1270":"C","1271":"A","1272":"A","1273":"C","1274":",","1275":"C","1276":"A","1277":"A","1278":"C","1279":";","1280":"Q","1281":"A","1282":"C","1283":"1","1284":"C","1285":",","1286":"O","1287":"A","1288":"A","1289":"O","1290":",","1291":"E","1292":"A","1293":"A","1294":"E","1295":";","1296":"U","1297":"A","1298":"C","1299":"P","1300":",","1301":"c","1302":"A","1303":"A","1304":"c","1305":",","1306":"E","1307":"A","1308":"A","1309":"E","1310":";","1311":"Q","1312":"A","1313":"C","1314":"l","1315":"B","1316":";","1317":"M","1318":"A","1319":"C","1320":"F","1321":",","1322":"C","1323":"A","1324":"A","1325":"C","1326":",","1327":"C","1328":"A","1329":"A","1330":"C","1331":",","1332":"C","1333":"A","1334":"A","1335":"C","1336":",","1337":"I","1338":"A","1339":"A","1340":"I","1341":",","1342":"C","1343":"A","1344":"A","1345":"C","1346":",","1347":"Q","1348":"A","1349":"A","1350":"Q","1351":",","1352":"I","1353":"A","1354":"A","1355":"I","1356":";","1357":"Q","1358":"A","1359":"C","1360":"l","1361":"B","1362":",","1363":"O","1364":"A","1365":"A","1366":"O","1367":",","1368":"C","1369":"A","1370":"A","1371":"C","1372":",","1373":"G","1374":"A","1375":"A","1376":"G","1377":",","1378":"C","1379":"A","1380":"A","1381":"C","1382":",","1383":"Q","1384":"A","1385":"A","1386":"Q","1387":",","1388":"C","1389":"A","1390":"A","1391":"C","1392":";","1393":"Q","1394":"A","1395":"C","1396":"r","1397":"B","1398":",","1399":"I","1400":"A","1401":"A","1402":"I","1403":",","1404":"C","1405":"A","1406":"A","1407":"C","1408":",","1409":"Q","1410":"A","1411":"A","1412":"Q","1413":",","1414":"C","1415":"A","1416":"A","1417":"C","1418":",","1419":"E","1420":"A","1421":"A","1422":"E","1423":",","1424":"E","1425":"A","1426":"A","1427":"E","1428":";","1429":"U","1430":"A","1431":"C","1432":"h","1433":"B","1434":",","1435":"M","1436":"A","1437":"A","1438":"M","1439":",","1440":"I","1441":"A","1442":"A","1443":"I","1444":",","1445":"K","1446":"A","1447":"A","1448":"K","1449":",","1450":"C","1451":"A","1452":"A","1453":"E","1454":",","1455":"u","1456":"B","1457":"A","1458":"A","1459":"s","1460":"B","1461":",","1462":"Q","1463":"A","1464":"A","1465":"Q","1466":",","1467":"C","1468":"A","1469":"A","1470":"C","1471":",","1472":"M","1473":"A","1474":"A","1475":"O","1476":",","1477":"E","1478":"A","1479":"A","1480":"C","1481":",","1482":"C","1483":"A","1484":"A","1485":"C","1486":";","1487":"Q","1488":"A","1489":"C","1490":"3","1491":"D","1492":";","1493":"Q","1494":"A","1495":"E","1496":"A","1497":",","1498":"g","1499":"B","1500":"A","1501":"A","1502":"g","1503":"B","1504":",","1505":"C","1506":"A","1507":"A","1508":"C","1509":",","1510":"K","1511":"A","1512":"A","1513":"K","1514":",","1515":"G","1516":"A","1517":"A","1518":"G","1519":",","1520":"Q","1521":"A","1522":"A","1523":"Q","1524":";","1525":"Q","1526":"A","1527":"C","1528":"j","1529":"C","1530":",","1531":"e","1532":"A","1533":"A","1534":"e","1535":",","1536":"C","1537":"A","1538":"A","1539":"C","1540":",","1541":"K","1542":"A","1543":"A","1544":"K","1545":",","1546":"G","1547":"A","1548":"A","1549":"G","1550":",","1551":"I","1552":"A","1553":"A","1554":"I","1555":";","1556":"Q","1557":"A","1558":"E","1559":"5","1560":"B","1561":",","1562":"W","1563":"A","1564":"A","1565":"W","1566":",","1567":"C","1568":"A","1569":"A","1570":"C","1571":",","1572":"C","1573":"A","1574":"A","1575":"C","1576":";","1577":"Q","1578":"A","1579":"E","1580":"b","1581":",","1582":"O","1583":"A","1584":"A","1585":"O","1586":",","1587":"Q","1588":"A","1589":"A","1590":"Q","1591":",","1592":"C","1593":"A","1594":"A","1595":"C","1596":",","1597":"I","1598":"A","1599":"A","1600":"I","1601":",","1602":"C","1603":"A","1604":"A","1605":"C","1606":",","1607":"C","1608":"A","1609":"A","1610":"C","1611":";","1612":"M","1613":"A","1614":"C","1615":"x","1616":"B","1617":",","1618":"C","1619":"A","1620":"A","1621":"C","1622":",","1623":"C","1624":"A","1625":"A","1626":"C","1627":",","1628":"C","1629":"A","1630":"A","1631":"C","1632":",","1633":"K","1634":"A","1635":"A","1636":"K","1637":",","1638":"C","1639":"A","1640":"A","1641":"C","1642":",","1643":"K","1644":"A","1645":"A","1646":"K","1647":",","1648":"I","1649":"A","1650":"A","1651":"I","1652":";","1653":"Q","1654":"A","1655":"C","1656":"h","1657":"B","1658":",","1659":"O","1660":"A","1661":"A","1662":"O","1663":",","1664":"C","1665":"A","1666":"A","1667":"C","1668":",","1669":"K","1670":"A","1671":"A","1672":"K","1673":",","1674":"C","1675":"A","1676":"A","1677":"C","1678":",","1679":"Q","1680":"A","1681":"A","1682":"Q","1683":",","1684":"E","1685":"A","1686":"A","1687":"E","1688":",","1689":"K","1690":"A","1691":"A","1692":"K","1693":",","1694":"C","1695":"A","1696":"A","1697":"C","1698":";","1699":"M","1700":"A","1701":"C","1702":"h","1703":"C","1704":",","1705":"C","1706":"A","1707":"A","1708":"C","1709":",","1710":"C","1711":"A","1712":"A","1713":"C","1714":";","1715":"I","1716":"A","1717":"C","1718":"J","1719":";","1720":"I","1721":"A","1722":"E","1723":"E","1724":";","1725":"I","1726":"A","1727":"A","1728":"A","1729":";","1730":"I","1731":"A","1732":"A","1733":"A","1734":";","1735":"I","1736":"A","1737":"A","1738":"A","1739":";","1740":"I","1741":"A","1742":"A","1743":"A","1744":";","1745":"I","1746":"A","1747":"A","1748":"A","1749":",","1750":"W","1751":"A","1752":"A","1753":"W","1754":",","1755":"E","1756":"A","1757":"A","1758":"C","1759":",","1760":"M","1761":"A","1762":"A","1763":"M","1764":";","1765":"M","1766":"A","1767":"C","1768":"h","1769":"B","1770":",","1771":"I","1772":"A","1773":"A","1774":"I","1775":",","1776":"C","1777":"A","1778":"A","1779":"C","1780":",","1781":"W","1782":"A","1783":"A","1784":"W","1785":",","1786":"C","1787":"A","1788":"A","1789":"C","1790":",","1791":"K","1792":"A","1793":"A","1794":"K","1795":",","1796":"E","1797":"A","1798":"A","1799":"E","1800":";","1801":"Q","1802":"A","1803":"C","1804":"t","1805":"B","1806":",","1807":"m","1808":"B","1809":"A","1810":"A","1811":"m","1812":"B","1813":",","1814":"C","1815":"A","1816":"A","1817":"C","1818":",","1819":"K","1820":"A","1821":"A","1822":"K","1823":",","1824":"G","1825":"A","1826":"A","1827":"G","1828":",","1829":"I","1830":"A","1831":"A","1832":"I","1833":";","1834":"M","1835":"A","1836":"C","1837":"l","1838":"C","1839":";","1840":"I","1841":"A","1842":"C","1843":"F","1844":",","1845":"C","1846":"A","1847":"A","1848":"C","1849":",","1850":"C","1851":"A","1852":"A","1853":"C","1854":"\"","1855":",","1856":"\"","1857":"f","1858":"i","1859":"l","1860":"e","1861":"\"","1862":":","1863":"\"","1864":"/","1865":"U","1866":"s","1867":"e","1868":"r","1869":"s","1870":"/","1871":"m","1872":"a","1873":"r","1874":"i","1875":"e","1876":".","1877":"c","1878":"o","1879":"l","1880":"l","1881":"i","1882":"n","1883":"g","1884":"e","1885":"/","1886":"d","1887":"e","1888":"v","1889":"_","1890":"f","1891":"o","1892":"l","1893":"d","1894":"e","1895":"r","1896":"/","1897":"p","1898":"a","1899":"r","1900":"t","1901":"-","1902":"b","1903":"-","1904":"m","1905":"v","1906":"p","1907":"-","1908":"o","1909":"f","1910":"-","1911":"a","1912":"-","1913":"f","1914":"u","1915":"l","1916":"l","1917":"-","1918":"s","1919":"t","1920":"a","1921":"c","1922":"k","1923":"-","1924":"s","1925":"o","1926":"l","1927":"u","1928":"t","1929":"i","1930":"o","1931":"n","1932":"-","1933":"6","1934":"0","1935":"-","1936":"m","1937":"a","1938":"r","1939":"i","1940":"e","1941":"c","1942":"o","1943":"l","1944":"l","1945":"i","1946":"n","1947":"g","1948":"e","1949":"a","1950":"d","1951":"a","1952":"/","1953":"l","1954":"i","1955":"t","1956":"t","1957":"l","1958":"e","1959":"p","1960":"a","1961":"r","1962":"t","1963":"y","1964":"p","1965":"r","1966":"o","1967":"/","1968":"s","1969":"r","1970":"c","1971":"/","1972":"l","1973":"p","1974":"p","1975":"-","1976":"f","1977":"r","1978":"o","1979":"n","1980":"t","1981":"e","1982":"n","1983":"d","1984":"/","1985":"s","1986":"r","1987":"c","1988":"/","1989":"c","1990":"o","1991":"m","1992":"p","1993":"o","1994":"n","1995":"e","1996":"n","1997":"t","1998":"s","1999":"/","2000":"N","2001":"a","2002":"v","2003":"C","2004":"o","2005":"m","2006":"p","2007":"o","2008":"n","2009":"e","2010":"n","2011":"t","2012":".","2013":"v","2014":"u","2015":"e","2016":"\"","2017":",","2018":"\"","2019":"s","2020":"o","2021":"u","2022":"r","2023":"c","2024":"e","2025":"s","2026":"C","2027":"o","2028":"n","2029":"t","2030":"e","2031":"n","2032":"t","2033":"\"","2034":":","2035":"[","2036":"\"","2037":"<","2038":"t","2039":"e","2040":"m","2041":"p","2042":"l","2043":"a","2044":"t","2045":"e","2046":">","2047":"\\","2048":"n","2049":" ","2050":" ","2051":"<","2052":"h","2053":"e","2054":"a","2055":"d","2056":"e","2057":"r","2058":" ","2059":"c","2060":"l","2061":"a","2062":"s","2063":"s","2064":"=","2065":"\\","2066":"\"","2067":"s","2068":"t","2069":"i","2070":"c","2071":"k","2072":"y","2073":" ","2074":"t","2075":"o","2076":"p","2077":"-","2078":"0","2079":" ","2080":"b","2081":"g","2082":"-","2083":"l","2084":"p","2085":"p","2086":"-","2087":"p","2088":"r","2089":"i","2090":"m","2091":"a","2092":"r","2093":"y","2094":" ","2095":"s","2096":"h","2097":"a","2098":"d","2099":"o","2100":"w","2101":"-","2102":"l","2103":"g","2104":"\\","2105":"\"","2106":" ","2107":"d","2108":"a","2109":"t","2110":"a","2111":"-","2112":"q","2113":"a","2114":"-","2115":"n","2116":"a","2117":"v","2118":"-","2119":"c","2120":"o","2121":"m","2122":"p","2123":"o","2124":"n","2125":"e","2126":"n","2127":"t","2128":">","2129":"\\","2130":"n","2131":" ","2132":" ","2133":" ","2134":" ","2135":"<","2136":"n","2137":"a","2138":"v","2139":" ","2140":"c","2141":"l","2142":"a","2143":"s","2144":"s","2145":"=","2146":"\\","2147":"\"","2148":"g","2149":"a","2150":"p","2151":"-","2152":"4","2153":" ","2154":"p","2155":"y","2156":"-","2157":"6","2158":"\\","2159":"\"","2160":">","2161":"\\","2162":"n","2163":"\\","2164":"n","2165":" ","2166":" ","2167":" ","2168":" ","2169":" ","2170":" ","2171":"<","2172":"d","2173":"i","2174":"v","2175":" ","2176":"c","2177":"l","2178":"a","2179":"s","2180":"s","2181":"=","2182":"\\","2183":"\"","2184":"f","2185":"l","2186":"e","2187":"x","2188":" ","2189":"j","2190":"u","2191":"s","2192":"t","2193":"i","2194":"f","2195":"y","2196":"-","2197":"e","2198":"n","2199":"d","2200":"\\","2201":"\"","2202":">","2203":"\\","2204":"n","2205":" ","2206":" ","2207":" ","2208":" ","2209":" ","2210":" ","2211":" ","2212":" ","2213":"<","2214":"B","2215":"u","2216":"t","2217":"t","2218":"o","2219":"n","2220":"C","2221":"o","2222":"m","2223":"p","2224":"o","2225":"n","2226":"e","2227":"n","2228":"t","2229":" ","2230":"t","2231":"e","2232":"x","2233":"t","2234":"=","2235":"\\","2236":"\"","2237":"L","2238":"o","2239":"g","2240":"i","2241":"n","2242":"\\","2243":"\"","2244":" ","2245":"c","2246":"l","2247":"a","2248":"s","2249":"s","2250":"=","2251":"\\","2252":"\"","2253":"m","2254":"-","2255":"1","2256":" ","2257":"m","2258":"i","2259":"n","2260":"-","2261":"w","2262":"-","2263":"1","2264":"6","2265":" ","2266":"m","2267":"a","2268":"x","2269":"-","2270":"w","2271":"-","2272":"1","2273":"6","2274":" ","2275":"f","2276":"l","2277":"e","2278":"x","2279":" ","2280":"j","2281":"u","2282":"s","2283":"t","2284":"i","2285":"f","2286":"y","2287":"-","2288":"c","2289":"e","2290":"n","2291":"t","2292":"e","2293":"r","2294":"\\","2295":"\"","2296":" ","2297":"@","2298":"c","2299":"l","2300":"i","2301":"c","2302":"k","2303":"=","2304":"\\","2305":"\"","2306":"o","2307":"p","2308":"e","2309":"n","2310":"L","2311":"o","2312":"g","2313":"i","2314":"n","2315":"M","2316":"o","2317":"d","2318":"a","2319":"l","2320":"(","2321":")","2322":"\\","2323":"\"","2324":" ","2325":"v","2326":"-","2327":"i","2328":"f","2329":"=","2330":"\\","2331":"\"","2332":"!","2333":"l","2334":"o","2335":"g","2336":"i","2337":"n","2338":"S","2339":"u","2340":"c","2341":"c","2342":"e","2343":"s","2344":"s","2345":"f","2346":"u","2347":"l","2348":"\\","2349":"\"","2350":" ","2351":"d","2352":"a","2353":"t","2354":"a","2355":"-","2356":"q","2357":"a","2358":"-","2359":"n","2360":"a","2361":"v","2362":"-","2363":"c","2364":"o","2365":"m","2366":"p","2367":"o","2368":"n","2369":"e","2370":"n","2371":"t","2372":"-","2373":"l","2374":"o","2375":"g","2376":"i","2377":"n","2378":"-","2379":"b","2380":"u","2381":"t","2382":"t","2383":"o","2384":"n","2385":"/","2386":">","2387":"\\","2388":"n","2389":" ","2390":" ","2391":" ","2392":" ","2393":" ","2394":" ","2395":" ","2396":" ","2397":"<","2398":"B","2399":"u","2400":"t","2401":"t","2402":"o","2403":"n","2404":"C","2405":"o","2406":"m","2407":"p","2408":"o","2409":"n","2410":"e","2411":"n","2412":"t","2413":" ","2414":"t","2415":"e","2416":"x","2417":"t","2418":"=","2419":"\\","2420":"\"","2421":"R","2422":"e","2423":"g","2424":"i","2425":"s","2426":"t","2427":"e","2428":"r","2429":"\\","2430":"\"","2431":" ","2432":"c","2433":"l","2434":"a","2435":"s","2436":"s","2437":"=","2438":"\\","2439":"\"","2440":"m","2441":"-","2442":"1","2443":" ","2444":"m","2445":"i","2446":"n","2447":"-","2448":"w","2449":"-","2450":"1","2451":"6","2452":" ","2453":"m","2454":"a","2455":"x","2456":"-","2457":"w","2458":"-","2459":"1","2460":"6","2461":" ","2462":"f","2463":"l","2464":"e","2465":"x","2466":" ","2467":"j","2468":"u","2469":"s","2470":"t","2471":"i","2472":"f","2473":"y","2474":"-","2475":"c","2476":"e","2477":"n","2478":"t","2479":"e","2480":"r","2481":"\\","2482":"\"","2483":" ","2484":"@","2485":"c","2486":"l","2487":"i","2488":"c","2489":"k","2490":"=","2491":"\\","2492":"\"","2493":"o","2494":"p","2495":"e","2496":"n","2497":"R","2498":"e","2499":"g","2500":"i","2501":"s","2502":"t","2503":"e","2504":"r","2505":"M","2506":"o","2507":"d","2508":"a","2509":"l","2510":"(","2511":")","2512":"\\","2513":"\"","2514":" ","2515":"v","2516":"-","2517":"i","2518":"f","2519":"=","2520":"\\","2521":"\"","2522":"!","2523":"l","2524":"o","2525":"g","2526":"i","2527":"n","2528":"S","2529":"u","2530":"c","2531":"c","2532":"e","2533":"s","2534":"s","2535":"f","2536":"u","2537":"l","2538":"\\","2539":"\"","2540":" ","2541":"d","2542":"a","2543":"t","2544":"a","2545":"-","2546":"q","2547":"a","2548":"-","2549":"n","2550":"a","2551":"v","2552":"-","2553":"c","2554":"o","2555":"m","2556":"p","2557":"o","2558":"n","2559":"e","2560":"n","2561":"t","2562":"-","2563":"r","2564":"e","2565":"g","2566":"i","2567":"s","2568":"t","2569":"e","2570":"r","2571":"-","2572":"b","2573":"u","2574":"t","2575":"t","2576":"o","2577":"n","2578":"/","2579":">","2580":"\\","2581":"n","2582":" ","2583":" ","2584":" ","2585":" ","2586":" ","2587":" ","2588":" ","2589":" ","2590":"<","2591":"B","2592":"u","2593":"t","2594":"t","2595":"o","2596":"n","2597":"C","2598":"o","2599":"m","2600":"p","2601":"o","2602":"n","2603":"e","2604":"n","2605":"t","2606":" ","2607":"t","2608":"e","2609":"x","2610":"t","2611":"=","2612":"\\","2613":"\"","2614":"L","2615":"o","2616":"g","2617":"o","2618":"u","2619":"t","2620":"\\","2621":"\"","2622":" ","2623":"c","2624":"l","2625":"a","2626":"s","2627":"s","2628":"=","2629":"\\","2630":"\"","2631":"m","2632":"-","2633":"1","2634":" ","2635":"m","2636":"i","2637":"n","2638":"-","2639":"w","2640":"-","2641":"1","2642":"6","2643":" ","2644":"m","2645":"a","2646":"x","2647":"-","2648":"w","2649":"-","2650":"1","2651":"6","2652":" ","2653":"f","2654":"l","2655":"e","2656":"x","2657":" ","2658":"j","2659":"u","2660":"s","2661":"t","2662":"i","2663":"f","2664":"y","2665":"-","2666":"c","2667":"e","2668":"n","2669":"t","2670":"e","2671":"r","2672":"\\","2673":"\"","2674":" ","2675":"@","2676":"c","2677":"l","2678":"i","2679":"c","2680":"k","2681":"=","2682":"\\","2683":"\"","2684":"t","2685":"o","2686":"g","2687":"g","2688":"l","2689":"e","2690":"L","2691":"o","2692":"g","2693":"i","2694":"n","2695":"(","2696":")","2697":"\\","2698":"\"","2699":" ","2700":"v","2701":"-","2702":"i","2703":"f","2704":"=","2705":"\\","2706":"\"","2707":"l","2708":"o","2709":"g","2710":"i","2711":"n","2712":"S","2713":"u","2714":"c","2715":"c","2716":"e","2717":"s","2718":"s","2719":"f","2720":"u","2721":"l","2722":"\\","2723":"\"","2724":" ","2725":"d","2726":"a","2727":"t","2728":"a","2729":"-","2730":"q","2731":"a","2732":"-","2733":"n","2734":"a","2735":"v","2736":"-","2737":"c","2738":"o","2739":"m","2740":"p","2741":"o","2742":"n","2743":"e","2744":"n","2745":"t","2746":"-","2747":"l","2748":"o","2749":"g","2750":"o","2751":"u","2752":"t","2753":"-","2754":"b","2755":"u","2756":"t","2757":"t","2758":"o","2759":"n","2760":"/","2761":">","2762":"\\","2763":"n","2764":" ","2765":" ","2766":" ","2767":" ","2768":" ","2769":" ","2770":"<","2771":"/","2772":"d","2773":"i","2774":"v","
[...]
644":"t","3645":">","3646":"\\","3647":"n","3648":"<","3649":"/","3650":"t","3651":"e","3652":"m","3653":"p","3654":"l","3655":"a","3656":"t","3657":"e","3658":">","3659":"\\","3660":"n","3661":"\\","3662":"n","3663":"<","3664":"s","3665":"c","3666":"r","3667":"i","3668":"p","3669":"t","3670":" ","3671":"s","3672":"e","3673":"t","3674":"u","3675":"p","3676":">","3677":"\\","3678":"n","3679":"\\","3680":"n","3681":"\\","3682":"n","3683":"i","3684":"m","3685":"p","3686":"o","3687":"r","3688":"t","3689":" ","3690":"B","3691":"u","3692":"t","3693":"t","3694":"o","3695":"n","3696":"C","3697":"o","3698":"m","3699":"p","3700":"o","3701":"n","3702":"e","3703":"n","3704":"t","3705":" ","3706":"f","3707":"r","3708":"o","3709":"m","3710":" ","3711":"'","3712":"@","3713":"/","3714":"c","3715":"o","3716":"m","3717":"p","3718":"o","3719":"n","3720":"e","3721":"n","3722":"t","3723":"s","3724":"/","3725":"B","3726":"u","3727":"t","3728":"t","3729":"o","3730":"n","3731":"C","3732":"o","3733":"m","3734":"p","3735":"o","3736":"n","3737":"e","3738":"n","3739":"t","3740":".","3741":"v","3742":"u","3743":"e","3744":"'","3745":"\\","3746":"n","3747":"i","3748":"m","3749":"p","3750":"o","3751":"r","3752":"t","3753":" ","3754":"L","3755":"o","3756":"g","3757":"i","3758":"n","3759":"C","3760":"o","3761":"m","3762":"p","3763":"o","3764":"n","3765":"e","3766":"n","3767":"t","3768":" ","3769":"f","3770":"r","3771":"o","3772":"m","3773":" ","3774":"'","3775":"@","3776":"/","3777":"c","3778":"o","3779":"m","3780":"p","3781":"o","3782":"n","3783":"e","3784":"n","3785":"t","3786":"s","3787":"/","3788":"L","3789":"o","3790":"g","3791":"i","3792":"n","3793":"C","3794":"o","3795":"m","3796":"p","3797":"o","3798":"n","3799":"e","3800":"n","3801":"t","3802":".","3803":"v","3804":"u","3805":"e","3806":"'","3807":"\\","3808":"n","3809":"i","3810":"m","3811":"p","3812":"o","3813":"r","3814":"t","3815":" ","3816":"{","3817":"d","3818":"e","3819":"f","3820":"i","3821":"n","3822":"e","3823":"P","3824":"r","3825":"o","3826":"p","3827":"s","3828":",","3829":" ","3830":"r","3831":"e","3832":"f","3833":",","3834":" ","3835":"w","3836":"a","3837":"t","3838":"c","3839":"h","3840":"E","3841":"f","3842":"f","3843":"e","3844":"c","3845":"t","3846":"}","3847":" ","3848":"f","3849":"r","3850":"o","3851":"m","3852":" ","3853":"'","3854":"v","3855":"u","3856":"e","3857":"'","3858":"\\","3859":"n","3860":"\\","3861":"n","3862":"c","3863":"o","3864":"n","3865":"s","3866":"t","3867":" ","3868":"m","3869":"o","3870":"d","3871":"a","3872":"l","3873":"A","3874":"c","3875":"t","3876":"i","3877":"v","3878":"e","3879":" ","3880":"=","3881":" ","3882":"r","3883":"e","3884":"f","3885":"(","3886":"f","3887":"a","3888":"l","3889":"s","3890":"e","3891":")","3892":"\\","3893":"n","3894":"c","3895":"o","3896":"n","3897":"s","3898":"t","3899":" ","3900":"m","3901":"o","3902":"d","3903":"a","3904":"l","3905":"M","3906":"e","3907":"t","3908":"h","3909":"o","3910":"d","3911":" ","3912":"=","3913":" ","3914":"r","3915":"e","3916":"f","3917":"(","3918":")","3919":"\\","3920":"n","3921":"\\","3922":"n","3923":"c","3924":"o","3925":"n","3926":"s","3927":"t","3928":" ","3929":"l","3930":"o","3931":"g","3932":"i","3933":"n","3934":"R","3935":"e","3936":"s","3937":"p","3938":"o","3939":"n","3940":"s","3941":"e","3942":"S","3943":"t","3944":"a","3945":"t","3946":"u","3947":"s","3948":" ","3949":"=","3950":" ","3951":"r","3952":"e","3953":"f","3954":"(","3955":")","3956":"\\","3957":"n","3958":"c","3959":"o","3960":"n","3961":"s","3962":"t","3963":" ","3964":"l","3965":"o","3966":"g","3967":"g","3968":"e","3969":"d","3970":"I","3971":"n","3972":"U","3973":"s","3974":"e","3975":"r","3976":"n","3977":"a","3978":"m","3979":"e","3980":" ","3981":"=","3982":" ","3983":"r","3984":"e","3985":"f","3986":"(","3987":")","3988":"\\","3989":"n","3990":"c","3991":"o","3992":"n","3993":"s","3994":"t","3995":" ","3996":"l","3997":"o","3998":"g","3999":"i","4000":"n","4001":"S","4002":"u","4003":"c","4004":"c","4005":"e","4006":"s","4007":"s","4008":"f","4009":"u","4010":"l","4011":" ","4012":"=","4013":" ","4014":"r","4015":"e","4016":"f","4017":"(","4018":"f","4019":"a","4020":"l","4021":"s","4022":"e","4023":")","4024":"\\","4025":"n","4026":"c","4027":"o","4028":"n","4029":"s","4030":"t","4031":" ","4032":"l","4033":"o","4034":"g","4035":"i","4036":"n","4037":"R","4038":"e","4039":"s","4040":"p","4041":"o","4042":"n","4043":"s","4044":"e","4045":"M","4046":"e","4047":"s","4048":"s","4049":"a","4050":"g","4051":"e","4052":" ","4053":"=","4054":" ","4055":"r","4056":"e","4057":"f","4058":"(","4059":"'","4060":"'","4061":")","4062":"\\","4063":"n","4064":"\\","4065":"n","4066":"d","4067":"e","4068":"f","4069":"i","4070":"n","4071":"e","4072":"P","4073":"r","4074":"o","4075":"p","4076":"s","4077":"(","4078":"{","4079":"\\","4080":"n","4081":" ","4082":" ","4083":"m","4084":"o","4085":"d","4086":"a","4087":"l","4088":"M","4089":"e","4090":"t","4091":"h","4092":"o","4093":"d","4094":":","4095":" ","4096":"S","4097":"t","4098":"r","4099":"i","4100":"n","4101":"g","4102":",","4103":"\\","4104":"n","4105":" ","4106":" ","4107":"l","4108":"o","4109":"g","4110":"i","4111":"n","4112":"R","4113":"e","4114":"s","4115":"p","4116":"o","4117":"n","4118":"s","4119":"e","4120":"S","4121":"t","4122":"a","4123":"t","4124":"u","4125":"s","4126":":","4127":" ","4128":"N","4129":"u","4130":"m","4131":"b","4132":"e","4133":"r","4134":",","4135":"\\","4136":"n","4137":" ","4138":" ","4139":"l","4140":"o","4141":"g","4142":"g","4143":"e","4144":"d","4145":"I","4146":"n","4147":"U","4148":"s","4149":"e","4150":"r","4151":"n","4152":"a","4153":"m","4154":"e","4155":":","4156":" ","4157":"S","4158":"t","4159":"r","4160":"i","4161":"n","4162":"g","4163":",","4164":"\\","4165":"n","4166":" ","4167":" ","4168":"l","4169":"o","4170":"g","4171":"i","4172":"n","4173":"R","4174":"e","4175":"s","4176":"p","4177":"o","4178":"n","4179":"s","4180":"e","4181":"M","4182":"e","4183":"s","4184":"s","4185":"a","4186":"g","4187":"e","4188":":","4189":" ","4190":"S","4191":"t","4192":"r","4193":"i","4194":"n","4195":"g","4196":"\\","4197":"n","4198":"}","4199":")","4200":"\\","4201":"n","4202":"c","4203":"o","4204":"n","4205":"s","4206":"t","4207":" ","4208":"t","4209":"o","4210":"g","4211":"g","4212":"l","4213":"e","4214":"M","4215":"o","4216":"d","4217":"a","4218":"l","4219":" ","4220":"=","4221":" ","4222":"(","4223":")","4224":" ","4225":"=","4226":">","4227":" ","4228":"{","4229":"\\","4230":"n","4231":" ","4232":" ","4233":"m","4234":"o","4235":"d","4236":"a","4237":"l","4238":"A","4239":"c","4240":"t","4241":"i","4242":"v","4243":"e","4244":".","4245":"v","4246":"a","4247":"l","4248":"u","4249":"e","4250":" ","4251":"=","4252":" ","4253":"f","4254":"a","4255":"l","4256":"s","4257":"e","4258":"\\","4259":"n","4260":"}","4261":"\\","4262":"n","4263":"c","4264":"o","4265":"n","4266":"s","4267":"t","4268":" ","4269":"t","4270":"o","4271":"g","4272":"g","4273":"l","4274":"e","4275":"L","4276":"o","4277":"g","4278":"i","4279":"n","4280":" ","4281":"=","4282":" ","4283":"(","4284":")","4285":" ","4286":"=","4287":">","4288":" ","4289":"{","4290":"\\","4291":"n","4292":" ","4293":" ","4294":"l","4295":"o","4296":"g","4297":"i","4298":"n","4299":"S","4300":"u","4301":"c","4302":"c","4303":"e","4304":"s","4305":"s","4306":"f","4307":"u","4308":"l","4309":".","4310":"v","4311":"a","4312":"l","4313":"u","4314":"e","4315":" ","4316":"=","4317":" ","4318":"f","4319":"a","4320":"l","4321":"s","4322":"e","4323":"\\","4324":"n","4325":" ","4326":" ","4327":"l","4328":"o","4329":"g","4330":"g","4331":"e","4332":"d","4333":"I","4334":"n","4335":"U","4336":"s","4337":"e","4338":"r","4339":"n","4340":"a","4341":"m","4342":"e","4343":".","4344":"v","4345":"a","4346":"l","4347":"u","4348":"e","4349":" ","4350":"=","4351":" ","4352":"u","4353":"n","4354":"d","4355":"e","4356":"f","4357":"i","4358":"n","4359":"e","4360":"d","4361":"\\","4362":"n","4363":"}","4364":"\\","4365":"n","4366":"\\","4367":"n","4368":"c","4369":"o","4370":"n","4371":"s","4372":"t","4373":" ","4374":"o","4375":"p","4376":"e","4377":"n","4378":"L","4379":"o","4380":"g","4381":"i","4382":"n","4383":"M","4384":"o","4385":"d","4386":"a","4387":"l","4388":" ","4389":"=","4390":" ","4391":"(","4392":")","4393":" ","4394":"=","4395":">","4396":" ","4397":"{","4398":"\\","4399":"n","4400":" ","4401":" ","4402":"m","4403":"o","4404":"d","4405":"a","4406":"l","4407":"M","4408":"e","4409":"t","4410":"h","4411":"o","4412":"d","4413":".","4414":"v","4415":"a","4416":"l","4417":"u","4418":"e","4419":" ","4420":"=","4421":" ","4422":"'","4423":"l","4424":"o","4425":"g","4426":"i","4427":"n","4428":"'","4429":"\\","4430":"n","4431":" ","4432":" ","4433":"m","4434":"o","4435":"d","4436":"a","4437":"l","4438":"A","4439":"c","4440":"t","4441":"i","4442":"v","4443":"e","4444":".","4445":"v","4446":"a","4447":"l","4448":"u","4449":"e","4450":" ","4451":"=","4452":" ","4453":"t","4454":"r","4455":"u","4456":"e","4457":"\\","4458":"n","4459":"}","4460":"\\","4461":"n","4462":"\\","4463":"n","4464":"c","4465":"o","4466":"n","4467":"s","4468":"t","4469":" ","4470":"o","4471":"p","4472":"e","4473":"n","4474":"R","4475":"e","4476":"g","4477":"i","4478":"s","4479":"t","4480":"e","4481":"r","4482":"M","4483":"o","4484":"d","4485":"a","4486":"l","4487":" ","4488":"=","4489":" ","4490":"(","4491":")","4492":" ","4493":"=","4494":">","4495":" ","4496":"{","4497":"\\","4498":"n","4499":" ","4500":" ","4501":"m","4502":"o","4503":"d","4504":"a","4505":"l","4506":"M","4507":"e","4508":"t","4509":"h","4510":"o","4511":"d","4512":".","4513":"v","4514":"a","4515":"l","4516":"u","4517":"e","4518":" ","4519":"=","4520":" ","4521":"'","4522":"r","4523":"e","4524":"g","4525":"i","4526":"s","4527":"t","4528":"e","4529":"r","4530":"'","4531":"\\","4532":"n","4533":" ","4534":" ","4535":"m","4536":"o","4537":"d","4538":"a","4539":"l","4540":"A","4541":"c","4542":"t","4543":"i","4544":"v","4545":"e","4546":".","4547":"v","4548":"a","4549":"l","4550":"u","4551":"e","4552":" ","4553":"=","4554":" ","4555":"t","4556":"r","4557":"u","4558":"e","4559":"\\","4560":"n","4561":"}","4562":"\\","4563":"n","4564":"\\","4565":"n","4566":"f","4567":"u","4568":"n","4569":"c","4570":"t","4571":"i","4572":"o","4573":"n","4574":" ","4575":"p","4576":"e","4577":"r","4578":"f","4579":"o","4580":"r","4581":"m","4582":"A","4583":"c","4584":"t","4585":"i","4586":"o","4587":"n","4588":"(","4589":"m","4590":"e","4591":"t","4592":"h","4593":"o","4594":"d","4595":",","4596":" ","4597":"u","4598":"s","4599":"e","4600":"r","4601":"n","4602":"a","4603":"m","4604":"e","4605":",","4606":" ","4607":"p","4608":"a","4609":"s","4610":"s","4611":"w","4612":"o","4613":"r","4614":"d","4615":")","4616":" ","4617":"{","4618":"\\","4619":"n","4620":" ","4621":" ","4622":"/","4623":"/","4624":" ","4625":"c","4626":"o","4627":"n","4628":"s","4629":"t","4630":" ","4631":"p","4632":"a","4633":"t","4634":"t","4635":"e","4636":"r","4637":"n","4638":" ","4639":"=","4640":" ","4641":"/","4642":"(","4643":"[","4644":"A","4645":"-","4646":"Z","4647":"a","4648":"-","4649":"z","4650":"0","4651":"-","4652":"9","4653":"]","4654":")","4655":"\\","4656":"\\","4657":"w","4658":"+","4659":"/","4660":";","4661":"\\","4662":"n","4663":" ","4664":" ","4665":"/","4666":"/","4667":" ","4668":"s","4669":"e","4670":"a","4671":"r","4672":"c","4673":"h","4674":"Q","4675":"u","4676":"e","4677":"r","4678":"y","4679":".","4680":"v","4681":"a","4682":"l","4683":"u","4684":"e","4685":" ","4686":"=","4687":" ","4688":"{","4689":"\\","4690":"n","4691":" ","4692":" ","4693":"/","4694":"/","4695":" ","4696":" ","4697":" ","4698":"\\","4699":"\"","4700":"s","4701":"e","4702":"a","4703":"r","4704":"c","4705":"h","4706":"Q","4707":"u","4708":"e","4709":"r","4710":"y","4711":"\\","4712":"\"","4713":":","4714":" ","4715":"s","4716":"e","4717":"a","4718":"r","4719":"c","4720":"h","4721":"S","4722":"t","4723":"r","4724":"i","4725":"n","4726":"g","4727":"\\","4728":"n","4729":" ","4730":" ","4731":"/","4732":"/","4733":" ","4734":"}","4735":";","4736":"\\","4737":"n","4738":" ","4739":" ","4740":"c","4741":"o","4742":"n","4743":"s","4744":"t","4745":" ","4746":"e","4747":"n","4748":"d","4749":"p","4750":"o","4751":"i","4752":"n","4753":"t","4754":" ","4755":"=","4756":" ","4757":"m","4758":"e","4759":"t","4760":"h","4761":"o","4762":"d","4763":" ","4764":"=","4765":"=","4766":"=","4767":" ","4768":"'","4769":"l","4770":"o","4771":"g","4772":"i","4773":"n","4774":"'","4775":" ","4776":"?","4777":" ","4778":"'","4779":"l","4780":"o","4781":"g","4782":"i","4783":"n","4784":"'","4785":" ","4786":":","4787":" ","4788":"'","4789":"r","4790":"e","4791":"g","4792":"i","4793":"s","4794":"t","4795":"e","4796":"r","4797":"'","4798":"\\","4799":"n","4800":"\\","4801":"n","4802":" ","4803":" ","4804":"f","4805":"e","4806":"t","4807":"c","4808":"h","4809":"(","4810":"`","4811":"a","4812":"p","4813":"i","4814":"/","4815":"a","4816":"u","4817":"t","4818":"h","4819":"/","4820":"$","4821":"{","4822":"e","4823":"n","4824":"d","4825":"p","4826":"o","4827":"i","4828":"n","4829":"t","4830":"}","4831":"`","4832":",","4833":" ","4834":"{","4835":"\\","4836":"n","4837":" ","4838":" ","4839":" ","4840":" ","4841":"m","4842":"e","4843":"t","4844":"h","4845":"o","4846":"d","4847":":","4848":" ","4849":"'","4850":"P","4851":"O","4852":"S","4853":"T","4854":"'","4855":",","4856":"\\","4857":"n","4858":" ","4859":" ","4860":" ","4861":" ","4862":"b","4863":"o","4864":"d","4865":"y","4866":":","4867":" ","4868":"J","4869":"S","4870":"O","4871":"N","4872":".","4873":"s","4874":"t","4875":"r","4876":"i","4877":"n","4878":"g","4879":"i","4880":"f","4881":"y","4882":"(","4883":"{","4884":"u","4885":"s","4886":"e","4887":"r","4888":"n","4889":"a","4890":"m","4891":"e","4892":",","4893":" ","4894":"p","4895":"a","4896":"s","4897":"s","4898":"w","4899":"o","4900":"r","4901":"d","4902":"}","4903":")","4904":",","4905":"\\","4906":"n","4907":" ","4908":" ","4909":" ","4910":" ","4911":"h","4912":"e","4913":"a","4914":"d","4915":"e","4916":"r","4917":"s","4918":":","4919":" ","4920":"{","4921":"\\","4922":"n","4923":" ","4924":" ","4925":" ","4926":" ","4927":" ","4928":" ","4929":"'","4930":"C","4931":"o","4932":"n","4933":"t","4934":"e","4935":"n","4936":"t","4937":"-","4938":"T","4939":"y","4940":"p","4941":"e","4942":"'","4943":":","4944":" ","4945":"'","4946":"a","4947":"p","4948":"p","4949":"l","4950":"i","4951":"c","4952":"a","4953":"t","4954":"i","4955":"o","4956":"n","4957":"/","4958":"j","4959":"s","4960":"o","4961":"n","4962":"'","4963":",","4964":"\\","4965":"n","4966":" ","4967":" ","4968":" ","4969":" ","4970":"}","4971":",","4972":"\\","4973":"n","4974":" ","4975":" ","4976":"}","4977":")","4978":".","4979":"t","4980":"h","4981":"e","4982":"n","4983":"(","4984":"r","4985":"e","4986":"s","4987":"p","4988":"o","4989":"n","4990":"s","4991":"e","4992":" ","4993":"=","4994":">","4995":" ","4996":"{","4997":"\\","4998":"n","4999":" ","5000":" ","5001":" ","5002":" ","5003":"c","5004":"o","5005":"n","5006":"s","5007":"o","5008":"l","5009":"e","5010":".","5011":"l","5012":"o","5013":"g","5014":"(","5015":"r","5016":"e","5017":"s","5018":"p","5019":"o","5020":"n","5021":"s","5022":"e","5023":")","5024":"\\","5025":"n","5026":" ","5027":" ","5028":" ","5029":" ","5030":"i","5031":"f","5032":" ","5033":"(","5034":"!","5035":"r","5036":"e","5037":"s","5038":"p","5039":"o","5040":"n","5041":"s","5042":"e","5043":".","5044":"o","5045":"k","5046":")","5047":" ","5048":"{","5049":"\\","5050":"n","5051":" ","5052":" ","5053":" ","5054":" ","5055":" ","5056":" ","5057":"t","5058":"h","5059":"r","5060":"o","5061":"w","5062":" ","5063":"n","5064":"e","5065":"w","5066":" ","5067":"E","5068":"r","5069":"r","5070":"o","5071":"r","5072":"(","5073":"`","5074":"H","5075":"T","5076":"T","5077":"P","5078":" ","5079":"e","5080":"r","5081":"r","5082":"o","5083":"r","5084":"!","5085":" ","5086":"S","5087":"t","5088":"a","5089":"t","5090":"u","5091":"s","5092":":","5093":" ","5094":"$","5095":"{","5096":"r","5097":"e","5098":"s","5099":"p","5100":"o","5101":"n","5102":"s","5103":"e","5104":".","5105":"s","5106":"t","5107":"a","5108":"t","5109":"u","5110":"s","5111":"}","5112":"`","5113":")","5114":"\\","5115":"n","5116":" ","5117":" ","5118":" ","5119":" ","5120":"}","5121":"\\","5122":"n","5123":"\\","5124":"n","5125":" ","5126":" ","5127":" ","5128":" ","5129":"l","5130":"o","5131":"g","5132":"g","5133":"e","5134":"d","5135":"I","5136":"n","5137":"U","5138":"s","5139":"e","5140":"r","5141":"n","5142":"a","5143":"m","5144":"e","5145":".","5146":"v","5147":"a","5148":"l","5149":"u","5150":"e","5151":" ","5152":"=","5153":" ","5154":"u","5155":"s","5156":"e","5157":"r","5158":"n","5159":"a","5160":"m","5161":"e","5162":"\\","5163":"n","5164":" ","5165":" ","5166":" ","5167":" ","5168":"l","5169":"o","5170":"g","5171":"i","5172":"n","5173":"S","5174":"u","5175":"c","5176":"c","5177":"e","5178":"s","5179":"s","5180":"f","5181":"u","5182":"l","5183":".","5184":"v","5185":"a","5186":"l","5187":"u","5188":"e","5189":" ","5190":"=","5191":" ","5192":"t","5193":"r","5194":"u","5195":"e","5196":"\\","5197":"n","5198":"\\","5199":"n","5200":" ","5201":" ","5202":" ","5203":" ","5204":"t","5205":"o","5206":"g","5207":"g","5208":"l","5209":"e","5210":"M","5211":"o","5212":"d","5213":"a","5214":"l","5215":"(","5216":")","5217":"\\","5218":"n","5219":"\\","5220":"n","5221":" ","5222":" ","5223":" ","5224":" ","5225":"r","5226":"e","5227":"t","5228":"u","5229":"r","5230":"n","5231":" ","5232":"r","5233":"e","5234":"s","5235":"p","5236":"o","5237":"n","5238":"s","5239":"e","5240":".","5241":"t","5242":"e","5243":"x","5244":"t","5245":"(","5246":")","5247":"\\","5248":"n","5249":" ","5250":" ","5251":"}","5252":")","5253":".","5254":"c","5255":"a","5256":"t","5257":"c","5258":"h","5259":"(","5260":"e","5261":"r","5262":"r","5263":"o","5264":"r","5265":" ","5266":"=","5267":">","5268":" ","5269":"{","5270":"\\","5271":"n","5272":" ","5273":" ","5274":" ","5275":" ","5276":"c","5277":"o","5278":"n","5279":"s","5280":"o","5281":"l","5282":"e","5283":".","5284":"e","5285":"r","5286":"r","5287":"o","5288":"r","5289":"(","5290":"'","5291":"E","5292":"r","5293":"r","5294":"o","5295":"r","5296":":","5297":"'","5298":",","5299":" ","5300":"e","5301":"r","5302":"r","5303":"o","5304":"r","5305":")","5306":"\\","5307":"n","5308":" ","5309":" ","5310":"}","5311":")","5312":"\\","5313":"n","5314":"}","5315":"\\","5316":"n","5317":"\\","5318":"n","5319":" ","5320":" ","5321":"w","5322":"a","5323":"t","5324":"c","5325":"h","5326":"E","5327":"f","5328":"f","5329":"e","5330":"c","5331":"t","5332":"(","5333":"(","5334":")","5335":" ","5336":"=","5337":">","5338":" ","5339":"{","5340":"\\","5341":"n","5342":" ","5343":" ","5344":" ","5345":" ","5346":"i","5347":"f","5348":" ","5349":"(","5350":"!","5351":"m","5352":"o","5353":"d","5354":"a","5355":"l","5356":"A","5357":"c","5358":"t","5359":"i","5360":"v","5361":"e","5362":".","5363":"v","5364":"a","5365":"l","5366":"u","5367":"e","5368":")","5369":" ","5370":"{","5371":"\\","5372":"n","5373":" ","5374":" ","5375":" ","5376":" ","5377":" ","5378":" ","5379":"l","5380":"o","5381":"g","5382":"i","5383":"n","5384":"R","5385":"e","5386":"s","5387":"p","5388":"o","5389":"n","5390":"s","5391":"e","5392":"S","5393":"t","5394":"a","5395":"t","5396":"u","5397":"s","5398":".","5399":"v","5400":"a","5401":"l","5402":"u","5403":"e","5404":" ","5405":"=","5406":" ","5407":"n","5408":"u","5409":"l","5410":"l","5411":"\\","5412":"n","5413":" ","5414":" ","5415":" ","5416":" ","5417":"}","5418":"\\","5419":"n","5420":" ","5421":" ","5422":"}","5423":")","5424":"\\","5425":"n","5426":"<","5427":"/","5428":"s","5429":"c","5430":"r","5431":"i","5432":"p","5433":"t","5434":">","5435":"\\","5436":"n","5437":"\\","5438":"n","5439":"\\","5440":"n","5441":"\"","5442":"]","5443":"}"},"_coverageSchema":"1a1c01bbd47fc00a2c39e90264f33305004495a9","hash":"55ba786526d9c3d19c3216bbf29c2e1bbe09bf9a"}
}
