TN:
SF:src/components/SearchComponent.vue
FN:130,render
FN:138,(anonymous_1)
FN:140,(anonymous_2)
FN:147,(anonymous_3)
FN:151,(anonymous_4)
FN:155,(anonymous_5)
FNF:6
FNH:3
FNDA:3,render
FNDA:0,(anonymous_1)
FNDA:1,(anonymous_2)
FNDA:0,(anonymous_3)
FNDA:0,(anonymous_4)
FNDA:1,(anonymous_5)
DA:4,1
DA:7,1
DA:89,1
DA:92,1
DA:93,1
DA:94,1
DA:98,1
DA:101,1
DA:113,1
DA:117,1
DA:129,1
DA:131,3
DA:138,0
DA:140,1
DA:148,0
DA:151,0
DA:155,1
DA:157,1
LF:18
LH:15
BRDA:138,0,0,3
BRDA:138,0,1,2
BRDA:138,1,0,0
BRDA:138,1,1,0
BRDA:140,2,0,3
BRDA:140,2,1,2
BRDA:147,3,0,3
BRDA:147,3,1,0
BRDA:151,4,0,0
BRDA:151,4,1,0
BRDA:155,5,0,3
BRDA:155,5,1,2
BRF:12
BRH:7
end_of_record
