TN:
SF:src/assets/Icons/CATERER.svg
FNF:0
FNH:0
DA:1,1
LF:1
LH:1
BRF:0
BRH:0
end_of_record
TN:
SF:src/assets/Icons/DECORATOR.svg
FNF:0
FNH:0
DA:1,1
LF:1
LH:1
BRF:0
BRH:0
end_of_record
TN:
SF:src/assets/Icons/MISC.svg
FNF:0
FNH:0
DA:1,1
LF:1
LH:1
BRF:0
BRH:0
end_of_record
TN:
SF:src/assets/Icons/VENUE.svg
FNF:0
FNH:0
DA:1,1
LF:1
LH:1
BRF:0
BRH:0
end_of_record
TN:
SF:src/components/CategoryComponent.vue
FN:14,(anonymous_0)
FN:21,getImageUrl
FN:54,render
FN:55,(anonymous_3)
FN:61,(anonymous_4)
FNF:5
FNH:5
FNDA:1,(anonymous_0)
FNDA:4,getImageUrl
FNDA:1,render
FNDA:4,(anonymous_3)
FNDA:1,(anonymous_4)
DA:4,1
DA:7,1
DA:8,1
DA:17,1
DA:20,1
DA:22,4
DA:24,1
DA:28,1
DA:32,1
DA:37,1
DA:40,1
DA:41,1
DA:42,1
DA:46,1
DA:49,1
DA:50,1
DA:55,1
DA:56,4
DA:61,1
DA:67,1
LF:20
LH:20
BRF:0
BRH:0
end_of_record
